#
# There is insufficient memory for the Java Runtime Environment to continue.
# Native memory allocation (malloc) failed to allocate 2097152 bytes for AllocateHeap
# Possible reasons:
#   The system is out of physical RAM or swap space
#   The process is running with CompressedOops enabled, and the Java Heap may be blocking the growth of the native heap
# Possible solutions:
#   Reduce memory load on the system
#   Increase physical memory or swap space
#   Check if swap backing store is full
#   Decrease Java heap size (-Xmx/-Xms)
#   Decrease number of Java threads
#   Decrease Java thread stack sizes (-Xss)
#   Set larger code cache with -XX:ReservedCodeCacheSize=
#   JVM is running with Unscaled Compressed Oops mode in which the Java heap is
#     placed in the first 4GB address space. The Java Heap base address is the
#     maximum limit for the native heap growth. Please use -XX:HeapBaseMinAddress
#     to set the Java Heap base and to place the Java Heap above 4GB virtual address.
# This output file may be truncated or incomplete.
#
#  Out of Memory Error (allocation.cpp:44), pid=13264, tid=12064
#
# JRE version: OpenJDK Runtime Environment Temurin-17.0.7+7 (17.0.7+7) (build 17.0.7+7)
# Java VM: OpenJDK 64-Bit Server VM Temurin-17.0.7+7 (17.0.7+7, mixed mode, emulated-client, tiered, compressed oops, compressed class ptrs, g1 gc, windows-amd64)
# No core dump will be written. Minidumps are not enabled by default on client versions of Windows
#

---------------  S U M M A R Y ------------

Command Line: -XX:+HeapDumpOnOutOfMemoryError -Xmx1024m -Dsts.lsp.client=vscode -Dsts.log.file=/dev/null -XX:TieredStopAtLevel=1 -Xlog:jni+resolve=off -Dspring.config.location=file:c:\Users\56946\.vscode\extensions\vmware.vscode-spring-boot-1.46.0\language-server\BOOT-INF\classes\application.properties org.springframework.ide.vscode.boot.app.BootLanguageServerBootApp

Host: AMD Ryzen 5 3500U with Radeon Vega Mobile Gfx  , 8 cores, 17G,  Windows 11 , 64 bit Build 22621 (10.0.22621.1635)
Time: Fri May 26 19:01:11 2023 Hora est. Sudamérica Pacífico elapsed time: 276329.626836 seconds (3d 4h 45m 29s)

---------------  T H R E A D  ---------------

Current thread (0x00000201d226c190):  VMThread "VM Thread" [stack: 0x000000ae7a000000,0x000000ae7a100000] [id=12064]

Stack: [0x000000ae7a000000,0x000000ae7a100000]
Native frames: (J=compiled Java code, j=interpreted, Vv=VM code, C=native code)
V  [jvm.dll+0x67754a]
V  [jvm.dll+0x834304]
V  [jvm.dll+0x835aae]
V  [jvm.dll+0x836113]
V  [jvm.dll+0x24696f]
V  [jvm.dll+0xa681f]
V  [jvm.dll+0x2f7481]
V  [jvm.dll+0x2f30f0]
V  [jvm.dll+0x2db6c7]
V  [jvm.dll+0x31e777]
V  [jvm.dll+0x83a5bb]
V  [jvm.dll+0x83b2f4]
V  [jvm.dll+0x83b80c]
V  [jvm.dll+0x83bbe4]
V  [jvm.dll+0x83bcb0]
V  [jvm.dll+0x7e4e7a]
V  [jvm.dll+0x676395]
C  [ucrtbase.dll+0x29363]
C  [KERNEL32.DLL+0x126ad]
C  [ntdll.dll+0x5a9f8]

VM_Operation (0x000000ae7b9ff000): G1CollectFull, mode: safepoint, requested by thread 0x00000201d7a82a30


---------------  P R O C E S S  ---------------

Threads class SMR info:
_java_thread_list=0x00000201e1848540, length=28, elements={
0x00000201d226e3e0, 0x00000201d22ac7c0, 0x00000201d22e0a70, 0x00000201d22e1430,
0x00000201d22e5d10, 0x00000201d22e65d0, 0x00000201d22e6f40, 0x00000201d22f0440,
0x00000201d250d420, 0x00000201d250dd30, 0x00000201d7a80e00, 0x00000201d7a81ae0,
0x00000201d7a82a30, 0x00000201d7ab6840, 0x00000201c7454870, 0x00000201d7b48e60,
0x00000201d7b59550, 0x00000201d7cfe5f0, 0x00000201d7d04160, 0x00000201d7cff930,
0x00000201d7cfe120, 0x00000201d7cffe00, 0x00000201d7d007a0, 0x00000201d7cfef90,
0x00000201d7d02480, 0x00000201d7d01140, 0x00000201d7d04630, 0x00000201d7cff460
}

Java Threads: ( => current thread )
  0x00000201d226e3e0 JavaThread "Reference Handler" daemon [_thread_blocked, id=11996, stack(0x000000ae7a100000,0x000000ae7a200000)]
  0x00000201d22ac7c0 JavaThread "Finalizer" daemon [_thread_blocked, id=12168, stack(0x000000ae7a200000,0x000000ae7a300000)]
  0x00000201d22e0a70 JavaThread "Signal Dispatcher" daemon [_thread_blocked, id=9176, stack(0x000000ae7a300000,0x000000ae7a400000)]
  0x00000201d22e1430 JavaThread "Attach Listener" daemon [_thread_blocked, id=11148, stack(0x000000ae7a400000,0x000000ae7a500000)]
  0x00000201d22e5d10 JavaThread "Service Thread" daemon [_thread_blocked, id=11888, stack(0x000000ae7a500000,0x000000ae7a600000)]
  0x00000201d22e65d0 JavaThread "Monitor Deflation Thread" daemon [_thread_blocked, id=11644, stack(0x000000ae7a600000,0x000000ae7a700000)]
  0x00000201d22e6f40 JavaThread "C1 CompilerThread0" daemon [_thread_blocked, id=11652, stack(0x000000ae7a700000,0x000000ae7a800000)]
  0x00000201d22f0440 JavaThread "Sweeper thread" daemon [_thread_blocked, id=9804, stack(0x000000ae7a800000,0x000000ae7a900000)]
  0x00000201d250d420 JavaThread "Notification Thread" daemon [_thread_blocked, id=12468, stack(0x000000ae7aa00000,0x000000ae7ab00000)]
  0x00000201d250dd30 JavaThread "Common-Cleaner" daemon [_thread_blocked, id=11556, stack(0x000000ae7ac00000,0x000000ae7ad00000)]
  0x00000201d7a80e00 JavaThread "boundedElastic-evictor-1" daemon [_thread_blocked, id=12840, stack(0x000000ae7b400000,0x000000ae7b500000)]
  0x00000201d7a81ae0 JavaThread "boundedElastic-evictor-2" daemon [_thread_blocked, id=12848, stack(0x000000ae7b800000,0x000000ae7b900000)]
  0x00000201d7a82a30 JavaThread "pool-10-thread-1" [_thread_blocked, id=12920, stack(0x000000ae7b900000,0x000000ae7ba00000)]
  0x00000201d7ab6840 JavaThread "LanguageServerApp-lifecycle" [_thread_blocked, id=12924, stack(0x000000ae7ba00000,0x000000ae7bb00000)]
  0x00000201c7454870 JavaThread "DestroyJavaVM" [_thread_blocked, id=8560, stack(0x000000ae79a00000,0x000000ae79b00000)]
  0x00000201d7b48e60 JavaThread "pool-11-thread-1" [_thread_in_native, id=13008, stack(0x000000ae7bb00000,0x000000ae7bc00000)]
  0x00000201d7b59550 JavaThread "Simple-Language-Server main thread" daemon [_thread_blocked, id=12808, stack(0x000000ae7bc00000,0x000000ae7bd00000)]
  0x00000201d7cfe5f0 JavaThread "parallel-1" daemon [_thread_blocked, id=1760, stack(0x000000ae7cf00000,0x000000ae7d000000)]
  0x00000201d7d04160 JavaThread "pool-4-thread-1" [_thread_blocked, id=12436, stack(0x000000ae7d300000,0x000000ae7d400000)]
  0x00000201d7cff930 JavaThread "parallel-2" daemon [_thread_blocked, id=12504, stack(0x000000ae7d400000,0x000000ae7d500000)]
  0x00000201d7cfe120 JavaThread "parallel-3" daemon [_thread_blocked, id=13092, stack(0x000000ae7c100000,0x000000ae7c200000)]
  0x00000201d7cffe00 JavaThread "parallel-4" daemon [_thread_blocked, id=5580, stack(0x000000ae79700000,0x000000ae79800000)]
  0x00000201d7d007a0 JavaThread "parallel-5" daemon [_thread_blocked, id=13936, stack(0x000000ae79800000,0x000000ae79900000)]
  0x00000201d7cfef90 JavaThread "parallel-6" daemon [_thread_blocked, id=2252, stack(0x000000ae79900000,0x000000ae79a00000)]
  0x00000201d7d02480 JavaThread "parallel-7" daemon [_thread_blocked, id=132, stack(0x000000ae7a900000,0x000000ae7aa00000)]
  0x00000201d7d01140 JavaThread "parallel-8" daemon [_thread_blocked, id=12224, stack(0x000000ae7b500000,0x000000ae7b600000)]
  0x00000201d7d04630 JavaThread "pool-6-thread-1" [_thread_blocked, id=15004, stack(0x000000ae7bd00000,0x000000ae7be00000)]
  0x00000201d7cff460 JavaThread "Reconciler-1" daemon [_thread_blocked, id=7732, stack(0x000000ae7c300000,0x000000ae7c400000)]

Other Threads:
=>0x00000201d226c190 VMThread "VM Thread" [stack: 0x000000ae7a000000,0x000000ae7a100000] [id=12064]
  0x00000201d250d8f0 WatcherThread [stack: 0x000000ae7ab00000,0x000000ae7ac00000] [id=5080]
  0x00000201c7495a30 GCTaskThread "GC Thread#0" [stack: 0x000000ae79b00000,0x000000ae79c00000] [id=12480]
  0x00000201d2f91b30 GCTaskThread "GC Thread#1" [stack: 0x000000ae7ad00000,0x000000ae7ae00000] [id=7684]
  0x00000201d719a020 GCTaskThread "GC Thread#2" [stack: 0x000000ae7ae00000,0x000000ae7af00000] [id=284]
  0x00000201d719a2d0 GCTaskThread "GC Thread#3" [stack: 0x000000ae7af00000,0x000000ae7b000000] [id=11704]
  0x00000201d719a990 GCTaskThread "GC Thread#4" [stack: 0x000000ae7b000000,0x000000ae7b100000] [id=11764]
  0x00000201d719b750 GCTaskThread "GC Thread#5" [stack: 0x000000ae7b100000,0x000000ae7b200000] [id=11768]
  0x00000201d719ba00 GCTaskThread "GC Thread#6" [stack: 0x000000ae7b200000,0x000000ae7b300000] [id=11792]
  0x00000201d719b1f0 GCTaskThread "GC Thread#7" [stack: 0x000000ae7b300000,0x000000ae7b400000] [id=11812]
  0x00000201c749f890 ConcurrentGCThread "G1 Main Marker" [stack: 0x000000ae79c00000,0x000000ae79d00000] [id=12472]
  0x00000201c74a01b0 ConcurrentGCThread "G1 Conc#0" [stack: 0x000000ae79d00000,0x000000ae79e00000] [id=12516]
  0x00000201d719c770 ConcurrentGCThread "G1 Conc#1" [stack: 0x000000ae7b700000,0x000000ae7b800000] [id=12976]
  0x00000201d2104160 ConcurrentGCThread "G1 Refine#0" [stack: 0x000000ae79e00000,0x000000ae79f00000] [id=12520]
  0x00000201d891a330 ConcurrentGCThread "G1 Refine#1" [stack: 0x000000ae7d000000,0x000000ae7d100000] [id=12512]
  0x00000201d890fec0 ConcurrentGCThread "G1 Refine#2" [stack: 0x000000ae7d100000,0x000000ae7d200000] [id=12508]
  0x00000201d7cfdd80 ConcurrentGCThread "G1 Refine#3" [stack: 0x000000ae7d200000,0x000000ae7d300000] [id=12432]
  0x00000201d8b23450 ConcurrentGCThread "G1 Refine#4" [stack: 0x000000ae7d800000,0x000000ae7d900000] [id=4160]
  0x00000201d80088a0 ConcurrentGCThread "G1 Refine#5" [stack: 0x000000ae7da00000,0x000000ae7db00000] [id=11452]
  0x00000201d2104a90 ConcurrentGCThread "G1 Service" [stack: 0x000000ae79f00000,0x000000ae7a000000] [id=11956]

Threads with active compile tasks:

VM state: at safepoint (normal execution)

VM Mutex/Monitor currently owned by a thread:  ([mutex/lock_event])
[0x00000201c514ec10] Threads_lock - owner thread: 0x00000201d226c190
[0x00000201c74539f0] Heap_lock - owner thread: 0x00000201d7a82a30

Heap address: 0x00000000c0000000, size: 1024 MB, Compressed Oops mode: 32-bit

CDS archive(s) not mapped
Compressed class space mapped at: 0x0000000100000000-0x0000000140000000, reserved size: 1073741824
Narrow klass base: 0x0000000000000000, Narrow klass shift: 3, Narrow klass range: 0x140000000

GC Precious Log:
 CPUs: 8 total, 8 available
 Memory: 18379M
 Large Page Support: Disabled
 NUMA Support: Disabled
 Compressed Oops: Enabled (32-bit)
 Heap Region Size: 1M
 Heap Min Capacity: 8M
 Heap Initial Capacity: 288M
 Heap Max Capacity: 1G
 Pre-touch: Disabled
 Parallel Workers: 8
 Concurrent Workers: 2
 Concurrent Refinement Workers: 8
 Periodic GC: Disabled

Heap:
 garbage-first heap   total 283648K, used 84025K [0x00000000c0000000, 0x0000000100000000)
  region size 1024K, 1 young (1024K), 0 survivors (0K)
 Metaspace       used 76416K, committed 76928K, reserved 1179648K
  class space    used 10461K, committed 10752K, reserved 1048576K

Heap Regions: E=young(eden), S=young(survivor), O=old, HS=humongous(starts), HC=humongous(continues), CS=collection set, F=free, OA=open archive, CA=closed archive, TAMS=top-at-mark-start (previous, next)
|   0|0x00000000c0000000, 0x00000000c00ffff0, 0x00000000c0100000| 99%| O|  |TAMS 0x00000000c00ffff0, 0x00000000c0000000| Untracked 
|   1|0x00000000c0100000, 0x00000000c0200000, 0x00000000c0200000|100%| O|  |TAMS 0x00000000c0200000, 0x00000000c0100000| Untracked 
|   2|0x00000000c0200000, 0x00000000c0300000, 0x00000000c0300000|100%| O|  |TAMS 0x00000000c0300000, 0x00000000c0200000| Untracked 
|   3|0x00000000c0300000, 0x00000000c03fffe8, 0x00000000c0400000| 99%| O|  |TAMS 0x00000000c03fffe8, 0x00000000c0300000| Untracked 
|   4|0x00000000c0400000, 0x00000000c0500000, 0x00000000c0500000|100%| O|  |TAMS 0x00000000c0500000, 0x00000000c0400000| Untracked 
|   5|0x00000000c0500000, 0x00000000c0600000, 0x00000000c0600000|100%| O|  |TAMS 0x00000000c0600000, 0x00000000c0500000| Untracked 
|   6|0x00000000c0600000, 0x00000000c0700000, 0x00000000c0700000|100%| O|  |TAMS 0x00000000c0700000, 0x00000000c0600000| Untracked 
|   7|0x00000000c0700000, 0x00000000c07ffff8, 0x00000000c0800000| 99%| O|  |TAMS 0x00000000c07ffff8, 0x00000000c0700000| Untracked 
|   8|0x00000000c0800000, 0x00000000c08fffe8, 0x00000000c0900000| 99%| O|  |TAMS 0x00000000c08fffe8, 0x00000000c0800000| Untracked 
|   9|0x00000000c0900000, 0x00000000c09fffd8, 0x00000000c0a00000| 99%| O|  |TAMS 0x00000000c09fffd8, 0x00000000c0900000| Untracked 
|  10|0x00000000c0a00000, 0x00000000c0afffe8, 0x00000000c0b00000| 99%| O|  |TAMS 0x00000000c0afffe8, 0x00000000c0a00000| Untracked 
|  11|0x00000000c0b00000, 0x00000000c0bfffe8, 0x00000000c0c00000| 99%| O|  |TAMS 0x00000000c0bfffe8, 0x00000000c0b00000| Untracked 
|  12|0x00000000c0c00000, 0x00000000c0cffff8, 0x00000000c0d00000| 99%| O|  |TAMS 0x00000000c0cffff8, 0x00000000c0c00000| Untracked 
|  13|0x00000000c0d00000, 0x00000000c0dffff0, 0x00000000c0e00000| 99%| O|  |TAMS 0x00000000c0dffff0, 0x00000000c0d00000| Untracked 
|  14|0x00000000c0e00000, 0x00000000c0efffd8, 0x00000000c0f00000| 99%| O|  |TAMS 0x00000000c0efffd8, 0x00000000c0e00000| Untracked 
|  15|0x00000000c0f00000, 0x00000000c0ffffe8, 0x00000000c1000000| 99%| O|  |TAMS 0x00000000c0ffffe8, 0x00000000c0f00000| Untracked 
|  16|0x00000000c1000000, 0x00000000c10fdd90, 0x00000000c1100000| 99%| O|  |TAMS 0x00000000c10fdd90, 0x00000000c1000000| Untracked 
|  17|0x00000000c1100000, 0x00000000c11ffe40, 0x00000000c1200000| 99%| O|  |TAMS 0x00000000c11ffe40, 0x00000000c1100000| Untracked 
|  18|0x00000000c1200000, 0x00000000c12fffd0, 0x00000000c1300000| 99%| O|  |TAMS 0x00000000c12fffd0, 0x00000000c1200000| Untracked 
|  19|0x00000000c1300000, 0x00000000c13ffff8, 0x00000000c1400000| 99%| O|  |TAMS 0x00000000c13ffff8, 0x00000000c1300000| Untracked 
|  20|0x00000000c1400000, 0x00000000c14fffe0, 0x00000000c1500000| 99%| O|  |TAMS 0x00000000c14fffe0, 0x00000000c1400000| Untracked 
|  21|0x00000000c1500000, 0x00000000c15ff8b0, 0x00000000c1600000| 99%| O|  |TAMS 0x00000000c15ff8b0, 0x00000000c1500000| Untracked 
|  22|0x00000000c1600000, 0x00000000c16fffe8, 0x00000000c1700000| 99%| O|  |TAMS 0x00000000c16fffe8, 0x00000000c1600000| Untracked 
|  23|0x00000000c1700000, 0x00000000c17fffc0, 0x00000000c1800000| 99%| O|  |TAMS 0x00000000c17fffc0, 0x00000000c1700000| Untracked 
|  24|0x00000000c1800000, 0x00000000c18ffff8, 0x00000000c1900000| 99%| O|  |TAMS 0x00000000c18ffff8, 0x00000000c1800000| Untracked 
|  25|0x00000000c1900000, 0x00000000c1a00000, 0x00000000c1a00000|100%| O|  |TAMS 0x00000000c1a00000, 0x00000000c1900000| Untracked 
|  26|0x00000000c1a00000, 0x00000000c1b00000, 0x00000000c1b00000|100%| O|  |TAMS 0x00000000c1b00000, 0x00000000c1a00000| Untracked 
|  27|0x00000000c1b00000, 0x00000000c1c00000, 0x00000000c1c00000|100%| O|  |TAMS 0x00000000c1c00000, 0x00000000c1b00000| Untracked 
|  28|0x00000000c1c00000, 0x00000000c1d00000, 0x00000000c1d00000|100%| O|  |TAMS 0x00000000c1d00000, 0x00000000c1c00000| Untracked 
|  29|0x00000000c1d00000, 0x00000000c1e00000, 0x00000000c1e00000|100%| O|  |TAMS 0x00000000c1e00000, 0x00000000c1d00000| Untracked 
|  30|0x00000000c1e00000, 0x00000000c1f00000, 0x00000000c1f00000|100%| O|  |TAMS 0x00000000c1f00000, 0x00000000c1e00000| Untracked 
|  31|0x00000000c1f00000, 0x00000000c2000000, 0x00000000c2000000|100%| O|  |TAMS 0x00000000c2000000, 0x00000000c1f00000| Untracked 
|  32|0x00000000c2000000, 0x00000000c20ffff0, 0x00000000c2100000| 99%| O|  |TAMS 0x00000000c20ffff0, 0x00000000c2000000| Untracked 
|  33|0x00000000c2100000, 0x00000000c21ffff0, 0x00000000c2200000| 99%| O|  |TAMS 0x00000000c21ffff0, 0x00000000c2100000| Untracked 
|  34|0x00000000c2200000, 0x00000000c22ffff8, 0x00000000c2300000| 99%| O|  |TAMS 0x00000000c22ffff8, 0x00000000c2200000| Untracked 
|  35|0x00000000c2300000, 0x00000000c23fc778, 0x00000000c2400000| 98%| O|  |TAMS 0x00000000c23fc778, 0x00000000c2300000| Untracked 
|  36|0x00000000c2400000, 0x00000000c24ffff0, 0x00000000c2500000| 99%| O|  |TAMS 0x00000000c24ffff0, 0x00000000c2400000| Untracked 
|  37|0x00000000c2500000, 0x00000000c25fffb8, 0x00000000c2600000| 99%| O|  |TAMS 0x00000000c25fffb8, 0x00000000c2500000| Untracked 
|  38|0x00000000c2600000, 0x00000000c2700000, 0x00000000c2700000|100%| O|  |TAMS 0x00000000c2700000, 0x00000000c2600000| Untracked 
|  39|0x00000000c2700000, 0x00000000c27ffff0, 0x00000000c2800000| 99%| O|  |TAMS 0x00000000c27ffff0, 0x00000000c2700000| Untracked 
|  40|0x00000000c2800000, 0x00000000c28fffe0, 0x00000000c2900000| 99%| O|  |TAMS 0x00000000c28fffe0, 0x00000000c2800000| Untracked 
|  41|0x00000000c2900000, 0x00000000c29fffd0, 0x00000000c2a00000| 99%| O|  |TAMS 0x00000000c29fffd0, 0x00000000c2900000| Untracked 
|  42|0x00000000c2a00000, 0x00000000c2affff8, 0x00000000c2b00000| 99%| O|  |TAMS 0x00000000c2affff8, 0x00000000c2a00000| Untracked 
|  43|0x00000000c2b00000, 0x00000000c2bfffd0, 0x00000000c2c00000| 99%| O|  |TAMS 0x00000000c2bfffd0, 0x00000000c2b00000| Untracked 
|  44|0x00000000c2c00000, 0x00000000c2cfffe8, 0x00000000c2d00000| 99%| O|  |TAMS 0x00000000c2cfffe8, 0x00000000c2c00000| Untracked 
|  45|0x00000000c2d00000, 0x00000000c2dfffb8, 0x00000000c2e00000| 99%| O|  |TAMS 0x00000000c2dfffb8, 0x00000000c2d00000| Untracked 
|  46|0x00000000c2e00000, 0x00000000c2efffd0, 0x00000000c2f00000| 99%| O|  |TAMS 0x00000000c2efffd0, 0x00000000c2e00000| Untracked 
|  47|0x00000000c2f00000, 0x00000000c3000000, 0x00000000c3000000|100%| O|  |TAMS 0x00000000c3000000, 0x00000000c2f00000| Untracked 
|  48|0x00000000c3000000, 0x00000000c3100000, 0x00000000c3100000|100%| O|  |TAMS 0x00000000c3100000, 0x00000000c3000000| Untracked 
|  49|0x00000000c3100000, 0x00000000c31fffb0, 0x00000000c3200000| 99%| O|  |TAMS 0x00000000c31fffb0, 0x00000000c3100000| Untracked 
|  50|0x00000000c3200000, 0x00000000c32fffb8, 0x00000000c3300000| 99%| O|  |TAMS 0x00000000c32fffb8, 0x00000000c3200000| Untracked 
|  51|0x00000000c3300000, 0x00000000c33f9178, 0x00000000c3400000| 97%| O|  |TAMS 0x00000000c33f9178, 0x00000000c3300000| Untracked 
|  52|0x00000000c3400000, 0x00000000c34fffc0, 0x00000000c3500000| 99%| O|  |TAMS 0x00000000c34fffc0, 0x00000000c3400000| Untracked 
|  53|0x00000000c3500000, 0x00000000c3600000, 0x00000000c3600000|100%| O|  |TAMS 0x00000000c3600000, 0x00000000c3500000| Untracked 
|  54|0x00000000c3600000, 0x00000000c36fffb0, 0x00000000c3700000| 99%| O|  |TAMS 0x00000000c36fffb0, 0x00000000c3600000| Untracked 
|  55|0x00000000c3700000, 0x00000000c37ff4a8, 0x00000000c3800000| 99%| O|  |TAMS 0x00000000c37ff4a8, 0x00000000c3700000| Untracked 
|  56|0x00000000c3800000, 0x00000000c38ffff0, 0x00000000c3900000| 99%| O|  |TAMS 0x00000000c38ffff0, 0x00000000c3800000| Untracked 
|  57|0x00000000c3900000, 0x00000000c3a00000, 0x00000000c3a00000|100%| O|  |TAMS 0x00000000c3a00000, 0x00000000c3900000| Untracked 
|  58|0x00000000c3a00000, 0x00000000c3affd40, 0x00000000c3b00000| 99%| O|  |TAMS 0x00000000c3affd40, 0x00000000c3a00000| Untracked 
|  59|0x00000000c3b00000, 0x00000000c3bfffb0, 0x00000000c3c00000| 99%| O|  |TAMS 0x00000000c3bfffb0, 0x00000000c3b00000| Untracked 
|  60|0x00000000c3c00000, 0x00000000c3cfffd8, 0x00000000c3d00000| 99%| O|  |TAMS 0x00000000c3cfffd8, 0x00000000c3c00000| Untracked 
|  61|0x00000000c3d00000, 0x00000000c3e00000, 0x00000000c3e00000|100%| O|  |TAMS 0x00000000c3e00000, 0x00000000c3d00000| Untracked 
|  62|0x00000000c3e00000, 0x00000000c3efffc8, 0x00000000c3f00000| 99%| O|  |TAMS 0x00000000c3efffc8, 0x00000000c3e00000| Untracked 
|  63|0x00000000c3f00000, 0x00000000c4000000, 0x00000000c4000000|100%| O|  |TAMS 0x00000000c4000000, 0x00000000c3f00000| Untracked 
|  64|0x00000000c4000000, 0x00000000c40fffc0, 0x00000000c4100000| 99%| O|  |TAMS 0x00000000c40fffc0, 0x00000000c4000000| Untracked 
|  65|0x00000000c4100000, 0x00000000c41fffa8, 0x00000000c4200000| 99%| O|  |TAMS 0x00000000c41fffa8, 0x00000000c4100000| Untracked 
|  66|0x00000000c4200000, 0x00000000c42fffe8, 0x00000000c4300000| 99%| O|  |TAMS 0x00000000c42fffe8, 0x00000000c4200000| Untracked 
|  67|0x00000000c4300000, 0x00000000c43ffff0, 0x00000000c4400000| 99%| O|  |TAMS 0x00000000c43ffff0, 0x00000000c4300000| Untracked 
|  68|0x00000000c4400000, 0x00000000c44fffd8, 0x00000000c4500000| 99%| O|  |TAMS 0x00000000c44fffd8, 0x00000000c4400000| Untracked 
|  69|0x00000000c4500000, 0x00000000c45f21f8, 0x00000000c4600000| 94%| O|  |TAMS 0x00000000c4500000, 0x00000000c4500000| Untracked 
|  70|0x00000000c4600000, 0x00000000c46e5af0, 0x00000000c4700000| 89%| O|  |TAMS 0x00000000c4600000, 0x00000000c4600000| Untracked 
|  71|0x00000000c4700000, 0x00000000c4800000, 0x00000000c4800000|100%|HS|  |TAMS 0x00000000c4800000, 0x00000000c4700000| Untracked 
|  72|0x00000000c4800000, 0x00000000c4900000, 0x00000000c4900000|100%|HS|  |TAMS 0x00000000c4900000, 0x00000000c4800000| Untracked 
|  73|0x00000000c4900000, 0x00000000c49451f8, 0x00000000c4a00000| 27%| O|  |TAMS 0x00000000c4900000, 0x00000000c4900000| Untracked 
|  74|0x00000000c4a00000, 0x00000000c4a00000, 0x00000000c4b00000|  0%| F|  |TAMS 0x00000000c4a00000, 0x00000000c4a00000| Untracked 
|  75|0x00000000c4b00000, 0x00000000c4bffff8, 0x00000000c4c00000| 99%| O|  |TAMS 0x00000000c4bffff8, 0x00000000c4b00000| Untracked 
|  76|0x00000000c4c00000, 0x00000000c4c00000, 0x00000000c4d00000|  0%| F|  |TAMS 0x00000000c4c00000, 0x00000000c4c00000| Untracked 
|  77|0x00000000c4d00000, 0x00000000c4d00000, 0x00000000c4e00000|  0%| F|  |TAMS 0x00000000c4d00000, 0x00000000c4d00000| Untracked 
|  78|0x00000000c4e00000, 0x00000000c4e00000, 0x00000000c4f00000|  0%| F|  |TAMS 0x00000000c4e00000, 0x00000000c4e00000| Untracked 
|  79|0x00000000c4f00000, 0x00000000c4ffffc8, 0x00000000c5000000| 99%| O|  |TAMS 0x00000000c4ffffc8, 0x00000000c4f00000| Untracked 
|  80|0x00000000c5000000, 0x00000000c5000000, 0x00000000c5100000|  0%| F|  |TAMS 0x00000000c5000000, 0x00000000c5000000| Untracked 
|  81|0x00000000c5100000, 0x00000000c51fffe8, 0x00000000c5200000| 99%| O|  |TAMS 0x00000000c51fffe8, 0x00000000c5100000| Untracked 
|  82|0x00000000c5200000, 0x00000000c5200000, 0x00000000c5300000|  0%| F|  |TAMS 0x00000000c5200000, 0x00000000c5200000| Untracked 
|  83|0x00000000c5300000, 0x00000000c53fffe8, 0x00000000c5400000| 99%| O|  |TAMS 0x00000000c53fffe8, 0x00000000c5300000| Untracked 
|  84|0x00000000c5400000, 0x00000000c5400000, 0x00000000c5500000|  0%| F|  |TAMS 0x00000000c5400000, 0x00000000c5400000| Untracked 
|  85|0x00000000c5500000, 0x00000000c5500000, 0x00000000c5600000|  0%| F|  |TAMS 0x00000000c5500000, 0x00000000c5500000| Untracked 
|  86|0x00000000c5600000, 0x00000000c5600000, 0x00000000c5700000|  0%| F|  |TAMS 0x00000000c5600000, 0x00000000c5600000| Untracked 
|  87|0x00000000c5700000, 0x00000000c57ffff0, 0x00000000c5800000| 99%| O|  |TAMS 0x00000000c57ffff0, 0x00000000c5700000| Untracked 
|  88|0x00000000c5800000, 0x00000000c5800000, 0x00000000c5900000|  0%| F|  |TAMS 0x00000000c5800000, 0x00000000c5800000| Untracked 
|  89|0x00000000c5900000, 0x00000000c5900000, 0x00000000c5a00000|  0%| F|  |TAMS 0x00000000c5900000, 0x00000000c5900000| Untracked 
|  90|0x00000000c5a00000, 0x00000000c5a00000, 0x00000000c5b00000|  0%| F|  |TAMS 0x00000000c5a00000, 0x00000000c5a00000| Untracked 
|  91|0x00000000c5b00000, 0x00000000c5b00000, 0x00000000c5c00000|  0%| F|  |TAMS 0x00000000c5b00000, 0x00000000c5b00000| Untracked 
|  92|0x00000000c5c00000, 0x00000000c5c00000, 0x00000000c5d00000|  0%| F|  |TAMS 0x00000000c5c00000, 0x00000000c5c00000| Untracked 
|  93|0x00000000c5d00000, 0x00000000c5d00000, 0x00000000c5e00000|  0%| F|  |TAMS 0x00000000c5d00000, 0x00000000c5d00000| Untracked 
|  94|0x00000000c5e00000, 0x00000000c5e00000, 0x00000000c5f00000|  0%| F|  |TAMS 0x00000000c5e00000, 0x00000000c5e00000| Untracked 
|  95|0x00000000c5f00000, 0x00000000c5f00000, 0x00000000c6000000|  0%| F|  |TAMS 0x00000000c5f00000, 0x00000000c5f00000| Untracked 
|  96|0x00000000c6000000, 0x00000000c6000000, 0x00000000c6100000|  0%| F|  |TAMS 0x00000000c6000000, 0x00000000c6000000| Untracked 
|  97|0x00000000c6100000, 0x00000000c6100000, 0x00000000c6200000|  0%| F|  |TAMS 0x00000000c6100000, 0x00000000c6100000| Untracked 
|  98|0x00000000c6200000, 0x00000000c6200000, 0x00000000c6300000|  0%| F|  |TAMS 0x00000000c6200000, 0x00000000c6200000| Untracked 
|  99|0x00000000c6300000, 0x00000000c6300000, 0x00000000c6400000|  0%| F|  |TAMS 0x00000000c6300000, 0x00000000c6300000| Untracked 
| 100|0x00000000c6400000, 0x00000000c6400000, 0x00000000c6500000|  0%| F|  |TAMS 0x00000000c6400000, 0x00000000c6400000| Untracked 
| 101|0x00000000c6500000, 0x00000000c6500000, 0x00000000c6600000|  0%| F|  |TAMS 0x00000000c6500000, 0x00000000c6500000| Untracked 
| 102|0x00000000c6600000, 0x00000000c6600000, 0x00000000c6700000|  0%| F|  |TAMS 0x00000000c6600000, 0x00000000c6600000| Untracked 
| 103|0x00000000c6700000, 0x00000000c6700000, 0x00000000c6800000|  0%| F|  |TAMS 0x00000000c6700000, 0x00000000c6700000| Untracked 
| 104|0x00000000c6800000, 0x00000000c6800000, 0x00000000c6900000|  0%| F|  |TAMS 0x00000000c6800000, 0x00000000c6800000| Untracked 
| 105|0x00000000c6900000, 0x00000000c6900000, 0x00000000c6a00000|  0%| F|  |TAMS 0x00000000c6900000, 0x00000000c6900000| Untracked 
| 106|0x00000000c6a00000, 0x00000000c6a00000, 0x00000000c6b00000|  0%| F|  |TAMS 0x00000000c6a00000, 0x00000000c6a00000| Untracked 
| 107|0x00000000c6b00000, 0x00000000c6c00000, 0x00000000c6c00000|100%|HS|  |TAMS 0x00000000c6c00000, 0x00000000c6b00000| Untracked 
| 108|0x00000000c6c00000, 0x00000000c6d00000, 0x00000000c6d00000|100%|HC|  |TAMS 0x00000000c6d00000, 0x00000000c6c00000| Untracked 
| 109|0x00000000c6d00000, 0x00000000c6d00000, 0x00000000c6e00000|  0%| F|  |TAMS 0x00000000c6d00000, 0x00000000c6d00000| Untracked 
| 110|0x00000000c6e00000, 0x00000000c6e00000, 0x00000000c6f00000|  0%| F|  |TAMS 0x00000000c6e00000, 0x00000000c6e00000| Untracked 
| 111|0x00000000c6f00000, 0x00000000c6f00000, 0x00000000c7000000|  0%| F|  |TAMS 0x00000000c6f00000, 0x00000000c6f00000| Untracked 
| 112|0x00000000c7000000, 0x00000000c7000000, 0x00000000c7100000|  0%| F|  |TAMS 0x00000000c7000000, 0x00000000c7000000| Untracked 
| 113|0x00000000c7100000, 0x00000000c7100000, 0x00000000c7200000|  0%| F|  |TAMS 0x00000000c7100000, 0x00000000c7100000| Untracked 
| 114|0x00000000c7200000, 0x00000000c7200000, 0x00000000c7300000|  0%| F|  |TAMS 0x00000000c7200000, 0x00000000c7200000| Untracked 
| 115|0x00000000c7300000, 0x00000000c7300000, 0x00000000c7400000|  0%| F|  |TAMS 0x00000000c7300000, 0x00000000c7300000| Untracked 
| 116|0x00000000c7400000, 0x00000000c7400000, 0x00000000c7500000|  0%| F|  |TAMS 0x00000000c7400000, 0x00000000c7400000| Untracked 
| 117|0x00000000c7500000, 0x00000000c7500000, 0x00000000c7600000|  0%| F|  |TAMS 0x00000000c7500000, 0x00000000c7500000| Untracked 
| 118|0x00000000c7600000, 0x00000000c7600000, 0x00000000c7700000|  0%| F|  |TAMS 0x00000000c7600000, 0x00000000c7600000| Untracked 
| 119|0x00000000c7700000, 0x00000000c7700000, 0x00000000c7800000|  0%| F|  |TAMS 0x00000000c7700000, 0x00000000c7700000| Untracked 
| 120|0x00000000c7800000, 0x00000000c7800000, 0x00000000c7900000|  0%| F|  |TAMS 0x00000000c7800000, 0x00000000c7800000| Untracked 
| 121|0x00000000c7900000, 0x00000000c7900000, 0x00000000c7a00000|  0%| F|  |TAMS 0x00000000c7900000, 0x00000000c7900000| Untracked 
| 122|0x00000000c7a00000, 0x00000000c7affff8, 0x00000000c7b00000| 99%| O|  |TAMS 0x00000000c7affff8, 0x00000000c7a00000| Untracked 
| 123|0x00000000c7b00000, 0x00000000c7b00000, 0x00000000c7c00000|  0%| F|  |TAMS 0x00000000c7b00000, 0x00000000c7b00000| Untracked 
| 124|0x00000000c7c00000, 0x00000000c7c00000, 0x00000000c7d00000|  0%| F|  |TAMS 0x00000000c7c00000, 0x00000000c7c00000| Untracked 
| 125|0x00000000c7d00000, 0x00000000c7d00000, 0x00000000c7e00000|  0%| F|  |TAMS 0x00000000c7d00000, 0x00000000c7d00000| Untracked 
| 126|0x00000000c7e00000, 0x00000000c7e00000, 0x00000000c7f00000|  0%| F|  |TAMS 0x00000000c7e00000, 0x00000000c7e00000| Untracked 
| 127|0x00000000c7f00000, 0x00000000c7f00000, 0x00000000c8000000|  0%| F|  |TAMS 0x00000000c7f00000, 0x00000000c7f00000| Untracked 
| 128|0x00000000c8000000, 0x00000000c80fffd8, 0x00000000c8100000| 99%| O|  |TAMS 0x00000000c80fffd8, 0x00000000c8000000| Untracked 
| 129|0x00000000c8100000, 0x00000000c8100000, 0x00000000c8200000|  0%| F|  |TAMS 0x00000000c8100000, 0x00000000c8100000| Untracked 
| 130|0x00000000c8200000, 0x00000000c8200000, 0x00000000c8300000|  0%| F|  |TAMS 0x00000000c8200000, 0x00000000c8200000| Untracked 
| 131|0x00000000c8300000, 0x00000000c8300000, 0x00000000c8400000|  0%| F|  |TAMS 0x00000000c8300000, 0x00000000c8300000| Untracked 
| 132|0x00000000c8400000, 0x00000000c8400000, 0x00000000c8500000|  0%| F|  |TAMS 0x00000000c8400000, 0x00000000c8400000| Untracked 
| 133|0x00000000c8500000, 0x00000000c8500000, 0x00000000c8600000|  0%| F|  |TAMS 0x00000000c8500000, 0x00000000c8500000| Untracked 
| 134|0x00000000c8600000, 0x00000000c8600000, 0x00000000c8700000|  0%| F|  |TAMS 0x00000000c8600000, 0x00000000c8600000| Untracked 
| 135|0x00000000c8700000, 0x00000000c8700000, 0x00000000c8800000|  0%| F|  |TAMS 0x00000000c8700000, 0x00000000c8700000| Untracked 
| 136|0x00000000c8800000, 0x00000000c8800000, 0x00000000c8900000|  0%| F|  |TAMS 0x00000000c8800000, 0x00000000c8800000| Untracked 
| 137|0x00000000c8900000, 0x00000000c8900000, 0x00000000c8a00000|  0%| F|  |TAMS 0x00000000c8900000, 0x00000000c8900000| Untracked 
| 138|0x00000000c8a00000, 0x00000000c8a00000, 0x00000000c8b00000|  0%| F|  |TAMS 0x00000000c8a00000, 0x00000000c8a00000| Untracked 
| 139|0x00000000c8b00000, 0x00000000c8b00000, 0x00000000c8c00000|  0%| F|  |TAMS 0x00000000c8b00000, 0x00000000c8b00000| Untracked 
| 140|0x00000000c8c00000, 0x00000000c8c00000, 0x00000000c8d00000|  0%| F|  |TAMS 0x00000000c8c00000, 0x00000000c8c00000| Untracked 
| 141|0x00000000c8d00000, 0x00000000c8d00000, 0x00000000c8e00000|  0%| F|  |TAMS 0x00000000c8d00000, 0x00000000c8d00000| Untracked 
| 142|0x00000000c8e00000, 0x00000000c8e00000, 0x00000000c8f00000|  0%| F|  |TAMS 0x00000000c8e00000, 0x00000000c8e00000| Untracked 
| 143|0x00000000c8f00000, 0x00000000c8f00000, 0x00000000c9000000|  0%| F|  |TAMS 0x00000000c8f00000, 0x00000000c8f00000| Untracked 
| 144|0x00000000c9000000, 0x00000000c9000000, 0x00000000c9100000|  0%| F|  |TAMS 0x00000000c9000000, 0x00000000c9000000| Untracked 
| 145|0x00000000c9100000, 0x00000000c9100000, 0x00000000c9200000|  0%| F|  |TAMS 0x00000000c9100000, 0x00000000c9100000| Untracked 
| 146|0x00000000c9200000, 0x00000000c9200000, 0x00000000c9300000|  0%| F|  |TAMS 0x00000000c9200000, 0x00000000c9200000| Untracked 
| 147|0x00000000c9300000, 0x00000000c9300000, 0x00000000c9400000|  0%| F|  |TAMS 0x00000000c9300000, 0x00000000c9300000| Untracked 
| 148|0x00000000c9400000, 0x00000000c9400000, 0x00000000c9500000|  0%| F|  |TAMS 0x00000000c9400000, 0x00000000c9400000| Untracked 
| 149|0x00000000c9500000, 0x00000000c9500000, 0x00000000c9600000|  0%| F|  |TAMS 0x00000000c9500000, 0x00000000c9500000| Untracked 
| 150|0x00000000c9600000, 0x00000000c9600000, 0x00000000c9700000|  0%| F|  |TAMS 0x00000000c9600000, 0x00000000c9600000| Untracked 
| 151|0x00000000c9700000, 0x00000000c9700000, 0x00000000c9800000|  0%| F|  |TAMS 0x00000000c9700000, 0x00000000c9700000| Untracked 
| 152|0x00000000c9800000, 0x00000000c9800000, 0x00000000c9900000|  0%| F|  |TAMS 0x00000000c9800000, 0x00000000c9800000| Untracked 
| 153|0x00000000c9900000, 0x00000000c9900000, 0x00000000c9a00000|  0%| F|  |TAMS 0x00000000c9900000, 0x00000000c9900000| Untracked 
| 154|0x00000000c9a00000, 0x00000000c9a00000, 0x00000000c9b00000|  0%| F|  |TAMS 0x00000000c9a00000, 0x00000000c9a00000| Untracked 
| 155|0x00000000c9b00000, 0x00000000c9b00000, 0x00000000c9c00000|  0%| F|  |TAMS 0x00000000c9b00000, 0x00000000c9b00000| Untracked 
| 156|0x00000000c9c00000, 0x00000000c9c00000, 0x00000000c9d00000|  0%| F|  |TAMS 0x00000000c9c00000, 0x00000000c9c00000| Untracked 
| 157|0x00000000c9d00000, 0x00000000c9d00000, 0x00000000c9e00000|  0%| F|  |TAMS 0x00000000c9d00000, 0x00000000c9d00000| Untracked 
| 158|0x00000000c9e00000, 0x00000000c9e00000, 0x00000000c9f00000|  0%| F|  |TAMS 0x00000000c9e00000, 0x00000000c9e00000| Untracked 
| 159|0x00000000c9f00000, 0x00000000c9f00000, 0x00000000ca000000|  0%| F|  |TAMS 0x00000000c9f00000, 0x00000000c9f00000| Untracked 
| 160|0x00000000ca000000, 0x00000000ca000000, 0x00000000ca100000|  0%| F|  |TAMS 0x00000000ca000000, 0x00000000ca000000| Untracked 
| 161|0x00000000ca100000, 0x00000000ca100000, 0x00000000ca200000|  0%| F|  |TAMS 0x00000000ca100000, 0x00000000ca100000| Untracked 
| 162|0x00000000ca200000, 0x00000000ca200000, 0x00000000ca300000|  0%| F|  |TAMS 0x00000000ca200000, 0x00000000ca200000| Untracked 
| 163|0x00000000ca300000, 0x00000000ca300000, 0x00000000ca400000|  0%| F|  |TAMS 0x00000000ca300000, 0x00000000ca300000| Untracked 
| 164|0x00000000ca400000, 0x00000000ca400000, 0x00000000ca500000|  0%| F|  |TAMS 0x00000000ca400000, 0x00000000ca400000| Untracked 
| 165|0x00000000ca500000, 0x00000000ca500000, 0x00000000ca600000|  0%| F|  |TAMS 0x00000000ca500000, 0x00000000ca500000| Untracked 
| 166|0x00000000ca600000, 0x00000000ca600000, 0x00000000ca700000|  0%| F|  |TAMS 0x00000000ca600000, 0x00000000ca600000| Untracked 
| 167|0x00000000ca700000, 0x00000000ca700000, 0x00000000ca800000|  0%| F|  |TAMS 0x00000000ca700000, 0x00000000ca700000| Untracked 
| 168|0x00000000ca800000, 0x00000000ca800000, 0x00000000ca900000|  0%| F|  |TAMS 0x00000000ca800000, 0x00000000ca800000| Untracked 
| 169|0x00000000ca900000, 0x00000000ca900000, 0x00000000caa00000|  0%| F|  |TAMS 0x00000000ca900000, 0x00000000ca900000| Untracked 
| 170|0x00000000caa00000, 0x00000000caa00000, 0x00000000cab00000|  0%| F|  |TAMS 0x00000000caa00000, 0x00000000caa00000| Untracked 
| 171|0x00000000cab00000, 0x00000000cab00000, 0x00000000cac00000|  0%| F|  |TAMS 0x00000000cab00000, 0x00000000cab00000| Untracked 
| 172|0x00000000cac00000, 0x00000000cac00000, 0x00000000cad00000|  0%| F|  |TAMS 0x00000000cac00000, 0x00000000cac00000| Untracked 
| 173|0x00000000cad00000, 0x00000000cad00000, 0x00000000cae00000|  0%| F|  |TAMS 0x00000000cad00000, 0x00000000cad00000| Untracked 
| 174|0x00000000cae00000, 0x00000000cae00000, 0x00000000caf00000|  0%| F|  |TAMS 0x00000000cae00000, 0x00000000cae00000| Untracked 
| 175|0x00000000caf00000, 0x00000000caf00000, 0x00000000cb000000|  0%| F|  |TAMS 0x00000000caf00000, 0x00000000caf00000| Untracked 
| 176|0x00000000cb000000, 0x00000000cb000000, 0x00000000cb100000|  0%| F|  |TAMS 0x00000000cb000000, 0x00000000cb000000| Untracked 
| 177|0x00000000cb100000, 0x00000000cb100000, 0x00000000cb200000|  0%| F|  |TAMS 0x00000000cb100000, 0x00000000cb100000| Untracked 
| 178|0x00000000cb200000, 0x00000000cb200000, 0x00000000cb300000|  0%| F|  |TAMS 0x00000000cb200000, 0x00000000cb200000| Untracked 
| 179|0x00000000cb300000, 0x00000000cb300000, 0x00000000cb400000|  0%| F|  |TAMS 0x00000000cb300000, 0x00000000cb300000| Untracked 
| 180|0x00000000cb400000, 0x00000000cb400000, 0x00000000cb500000|  0%| F|  |TAMS 0x00000000cb400000, 0x00000000cb400000| Untracked 
| 181|0x00000000cb500000, 0x00000000cb500000, 0x00000000cb600000|  0%| F|  |TAMS 0x00000000cb500000, 0x00000000cb500000| Untracked 
| 182|0x00000000cb600000, 0x00000000cb600000, 0x00000000cb700000|  0%| F|  |TAMS 0x00000000cb600000, 0x00000000cb600000| Untracked 
| 183|0x00000000cb700000, 0x00000000cb700000, 0x00000000cb800000|  0%| F|  |TAMS 0x00000000cb700000, 0x00000000cb700000| Untracked 
| 184|0x00000000cb800000, 0x00000000cb800000, 0x00000000cb900000|  0%| F|  |TAMS 0x00000000cb800000, 0x00000000cb800000| Untracked 
| 185|0x00000000cb900000, 0x00000000cb900000, 0x00000000cba00000|  0%| F|  |TAMS 0x00000000cb900000, 0x00000000cb900000| Untracked 
| 186|0x00000000cba00000, 0x00000000cba00000, 0x00000000cbb00000|  0%| F|  |TAMS 0x00000000cba00000, 0x00000000cba00000| Untracked 
| 187|0x00000000cbb00000, 0x00000000cbb00000, 0x00000000cbc00000|  0%| F|  |TAMS 0x00000000cbb00000, 0x00000000cbb00000| Untracked 
| 188|0x00000000cbc00000, 0x00000000cbc00000, 0x00000000cbd00000|  0%| F|  |TAMS 0x00000000cbc00000, 0x00000000cbc00000| Untracked 
| 189|0x00000000cbd00000, 0x00000000cbd00000, 0x00000000cbe00000|  0%| F|  |TAMS 0x00000000cbd00000, 0x00000000cbd00000| Untracked 
| 190|0x00000000cbe00000, 0x00000000cbe00000, 0x00000000cbf00000|  0%| F|  |TAMS 0x00000000cbe00000, 0x00000000cbe00000| Untracked 
| 191|0x00000000cbf00000, 0x00000000cbf00000, 0x00000000cc000000|  0%| F|  |TAMS 0x00000000cbf00000, 0x00000000cbf00000| Untracked 
| 192|0x00000000cc000000, 0x00000000cc000000, 0x00000000cc100000|  0%| F|  |TAMS 0x00000000cc000000, 0x00000000cc000000| Untracked 
| 193|0x00000000cc100000, 0x00000000cc100000, 0x00000000cc200000|  0%| F|  |TAMS 0x00000000cc100000, 0x00000000cc100000| Untracked 
| 194|0x00000000cc200000, 0x00000000cc200000, 0x00000000cc300000|  0%| F|  |TAMS 0x00000000cc200000, 0x00000000cc200000| Untracked 
| 195|0x00000000cc300000, 0x00000000cc300000, 0x00000000cc400000|  0%| F|  |TAMS 0x00000000cc300000, 0x00000000cc300000| Untracked 
| 196|0x00000000cc400000, 0x00000000cc400000, 0x00000000cc500000|  0%| F|  |TAMS 0x00000000cc400000, 0x00000000cc400000| Untracked 
| 197|0x00000000cc500000, 0x00000000cc500000, 0x00000000cc600000|  0%| F|  |TAMS 0x00000000cc500000, 0x00000000cc500000| Untracked 
| 198|0x00000000cc600000, 0x00000000cc600000, 0x00000000cc700000|  0%| F|  |TAMS 0x00000000cc600000, 0x00000000cc600000| Untracked 
| 199|0x00000000cc700000, 0x00000000cc700000, 0x00000000cc800000|  0%| F|  |TAMS 0x00000000cc700000, 0x00000000cc700000| Untracked 
| 200|0x00000000cc800000, 0x00000000cc800000, 0x00000000cc900000|  0%| F|  |TAMS 0x00000000cc800000, 0x00000000cc800000| Untracked 
| 201|0x00000000cc900000, 0x00000000cc900000, 0x00000000cca00000|  0%| F|  |TAMS 0x00000000cc900000, 0x00000000cc900000| Untracked 
| 202|0x00000000cca00000, 0x00000000cca00000, 0x00000000ccb00000|  0%| F|  |TAMS 0x00000000cca00000, 0x00000000cca00000| Untracked 
| 203|0x00000000ccb00000, 0x00000000ccb00000, 0x00000000ccc00000|  0%| F|  |TAMS 0x00000000ccb00000, 0x00000000ccb00000| Untracked 
| 204|0x00000000ccc00000, 0x00000000ccc00000, 0x00000000ccd00000|  0%| F|  |TAMS 0x00000000ccc00000, 0x00000000ccc00000| Untracked 
| 205|0x00000000ccd00000, 0x00000000ccd00000, 0x00000000cce00000|  0%| F|  |TAMS 0x00000000ccd00000, 0x00000000ccd00000| Untracked 
| 206|0x00000000cce00000, 0x00000000cce00000, 0x00000000ccf00000|  0%| F|  |TAMS 0x00000000cce00000, 0x00000000cce00000| Untracked 
| 207|0x00000000ccf00000, 0x00000000ccf00000, 0x00000000cd000000|  0%| F|  |TAMS 0x00000000ccf00000, 0x00000000ccf00000| Untracked 
| 208|0x00000000cd000000, 0x00000000cd000000, 0x00000000cd100000|  0%| F|  |TAMS 0x00000000cd000000, 0x00000000cd000000| Untracked 
| 209|0x00000000cd100000, 0x00000000cd100000, 0x00000000cd200000|  0%| F|  |TAMS 0x00000000cd100000, 0x00000000cd100000| Untracked 
| 210|0x00000000cd200000, 0x00000000cd200000, 0x00000000cd300000|  0%| F|  |TAMS 0x00000000cd200000, 0x00000000cd200000| Untracked 
| 211|0x00000000cd300000, 0x00000000cd300000, 0x00000000cd400000|  0%| F|  |TAMS 0x00000000cd300000, 0x00000000cd300000| Untracked 
| 212|0x00000000cd400000, 0x00000000cd400000, 0x00000000cd500000|  0%| F|  |TAMS 0x00000000cd400000, 0x00000000cd400000| Untracked 
| 213|0x00000000cd500000, 0x00000000cd500000, 0x00000000cd600000|  0%| F|  |TAMS 0x00000000cd500000, 0x00000000cd500000| Untracked 
| 214|0x00000000cd600000, 0x00000000cd600000, 0x00000000cd700000|  0%| F|  |TAMS 0x00000000cd600000, 0x00000000cd600000| Untracked 
| 215|0x00000000cd700000, 0x00000000cd700000, 0x00000000cd800000|  0%| F|  |TAMS 0x00000000cd700000, 0x00000000cd700000| Untracked 
| 216|0x00000000cd800000, 0x00000000cd800000, 0x00000000cd900000|  0%| F|  |TAMS 0x00000000cd800000, 0x00000000cd800000| Untracked 
| 217|0x00000000cd900000, 0x00000000cd900000, 0x00000000cda00000|  0%| F|  |TAMS 0x00000000cd900000, 0x00000000cd900000| Untracked 
| 218|0x00000000cda00000, 0x00000000cda00000, 0x00000000cdb00000|  0%| F|  |TAMS 0x00000000cda00000, 0x00000000cda00000| Untracked 
| 219|0x00000000cdb00000, 0x00000000cdb00000, 0x00000000cdc00000|  0%| F|  |TAMS 0x00000000cdb00000, 0x00000000cdb00000| Untracked 
| 220|0x00000000cdc00000, 0x00000000cdc00000, 0x00000000cdd00000|  0%| F|  |TAMS 0x00000000cdc00000, 0x00000000cdc00000| Untracked 
| 221|0x00000000cdd00000, 0x00000000cdd00000, 0x00000000cde00000|  0%| F|  |TAMS 0x00000000cdd00000, 0x00000000cdd00000| Untracked 
| 222|0x00000000cde00000, 0x00000000cde00000, 0x00000000cdf00000|  0%| F|  |TAMS 0x00000000cde00000, 0x00000000cde00000| Untracked 
| 223|0x00000000cdf00000, 0x00000000cdf00000, 0x00000000ce000000|  0%| F|  |TAMS 0x00000000cdf00000, 0x00000000cdf00000| Untracked 
| 224|0x00000000ce000000, 0x00000000ce000000, 0x00000000ce100000|  0%| F|  |TAMS 0x00000000ce000000, 0x00000000ce000000| Untracked 
| 225|0x00000000ce100000, 0x00000000ce100000, 0x00000000ce200000|  0%| F|  |TAMS 0x00000000ce100000, 0x00000000ce100000| Untracked 
| 226|0x00000000ce200000, 0x00000000ce200000, 0x00000000ce300000|  0%| F|  |TAMS 0x00000000ce200000, 0x00000000ce200000| Untracked 
| 227|0x00000000ce300000, 0x00000000ce300000, 0x00000000ce400000|  0%| F|  |TAMS 0x00000000ce300000, 0x00000000ce300000| Untracked 
| 228|0x00000000ce400000, 0x00000000ce400000, 0x00000000ce500000|  0%| F|  |TAMS 0x00000000ce400000, 0x00000000ce400000| Untracked 
| 229|0x00000000ce500000, 0x00000000ce500000, 0x00000000ce600000|  0%| F|  |TAMS 0x00000000ce500000, 0x00000000ce500000| Untracked 
| 230|0x00000000ce600000, 0x00000000ce600000, 0x00000000ce700000|  0%| F|  |TAMS 0x00000000ce600000, 0x00000000ce600000| Untracked 
| 231|0x00000000ce700000, 0x00000000ce700000, 0x00000000ce800000|  0%| F|  |TAMS 0x00000000ce700000, 0x00000000ce700000| Untracked 
| 232|0x00000000ce800000, 0x00000000ce800000, 0x00000000ce900000|  0%| F|  |TAMS 0x00000000ce800000, 0x00000000ce800000| Untracked 
| 233|0x00000000ce900000, 0x00000000ce900000, 0x00000000cea00000|  0%| F|  |TAMS 0x00000000ce900000, 0x00000000ce900000| Untracked 
| 234|0x00000000cea00000, 0x00000000cea00000, 0x00000000ceb00000|  0%| F|  |TAMS 0x00000000cea00000, 0x00000000cea00000| Untracked 
| 235|0x00000000ceb00000, 0x00000000ceb00000, 0x00000000cec00000|  0%| F|  |TAMS 0x00000000ceb00000, 0x00000000ceb00000| Untracked 
| 236|0x00000000cec00000, 0x00000000cec00000, 0x00000000ced00000|  0%| F|  |TAMS 0x00000000cec00000, 0x00000000cec00000| Untracked 
| 237|0x00000000ced00000, 0x00000000ced00000, 0x00000000cee00000|  0%| F|  |TAMS 0x00000000ced00000, 0x00000000ced00000| Untracked 
| 238|0x00000000cee00000, 0x00000000cee00000, 0x00000000cef00000|  0%| F|  |TAMS 0x00000000cee00000, 0x00000000cee00000| Untracked 
| 239|0x00000000cef00000, 0x00000000cef00000, 0x00000000cf000000|  0%| F|  |TAMS 0x00000000cef00000, 0x00000000cef00000| Untracked 
| 240|0x00000000cf000000, 0x00000000cf000000, 0x00000000cf100000|  0%| F|  |TAMS 0x00000000cf000000, 0x00000000cf000000| Untracked 
| 241|0x00000000cf100000, 0x00000000cf100000, 0x00000000cf200000|  0%| F|  |TAMS 0x00000000cf100000, 0x00000000cf100000| Untracked 
| 242|0x00000000cf200000, 0x00000000cf200000, 0x00000000cf300000|  0%| F|  |TAMS 0x00000000cf200000, 0x00000000cf200000| Untracked 
| 243|0x00000000cf300000, 0x00000000cf300000, 0x00000000cf400000|  0%| F|  |TAMS 0x00000000cf300000, 0x00000000cf300000| Untracked 
| 244|0x00000000cf400000, 0x00000000cf400000, 0x00000000cf500000|  0%| F|  |TAMS 0x00000000cf400000, 0x00000000cf400000| Untracked 
| 245|0x00000000cf500000, 0x00000000cf500000, 0x00000000cf600000|  0%| F|  |TAMS 0x00000000cf500000, 0x00000000cf500000| Untracked 
| 246|0x00000000cf600000, 0x00000000cf600000, 0x00000000cf700000|  0%| F|  |TAMS 0x00000000cf600000, 0x00000000cf600000| Untracked 
| 247|0x00000000cf700000, 0x00000000cf700000, 0x00000000cf800000|  0%| F|  |TAMS 0x00000000cf700000, 0x00000000cf700000| Untracked 
| 248|0x00000000cf800000, 0x00000000cf800000, 0x00000000cf900000|  0%| F|  |TAMS 0x00000000cf800000, 0x00000000cf800000| Untracked 
| 249|0x00000000cf900000, 0x00000000cf900000, 0x00000000cfa00000|  0%| F|  |TAMS 0x00000000cf900000, 0x00000000cf900000| Untracked 
| 250|0x00000000cfa00000, 0x00000000cfa00000, 0x00000000cfb00000|  0%| F|  |TAMS 0x00000000cfa00000, 0x00000000cfa00000| Untracked 
| 251|0x00000000cfb00000, 0x00000000cfb00000, 0x00000000cfc00000|  0%| F|  |TAMS 0x00000000cfb00000, 0x00000000cfb00000| Untracked 
| 252|0x00000000cfc00000, 0x00000000cfc00000, 0x00000000cfd00000|  0%| F|  |TAMS 0x00000000cfc00000, 0x00000000cfc00000| Untracked 
| 253|0x00000000cfd00000, 0x00000000cfd00000, 0x00000000cfe00000|  0%| F|  |TAMS 0x00000000cfd00000, 0x00000000cfd00000| Untracked 
| 254|0x00000000cfe00000, 0x00000000cfe00000, 0x00000000cff00000|  0%| F|  |TAMS 0x00000000cfe00000, 0x00000000cfe00000| Untracked 
| 255|0x00000000cff00000, 0x00000000cff00000, 0x00000000d0000000|  0%| F|  |TAMS 0x00000000cff00000, 0x00000000cff00000| Untracked 
| 256|0x00000000d0000000, 0x00000000d0000000, 0x00000000d0100000|  0%| F|  |TAMS 0x00000000d0000000, 0x00000000d0000000| Untracked 
| 257|0x00000000d0100000, 0x00000000d0100000, 0x00000000d0200000|  0%| F|  |TAMS 0x00000000d0100000, 0x00000000d0100000| Untracked 
| 258|0x00000000d0200000, 0x00000000d0200000, 0x00000000d0300000|  0%| F|  |TAMS 0x00000000d0200000, 0x00000000d0200000| Untracked 
| 259|0x00000000d0300000, 0x00000000d0300000, 0x00000000d0400000|  0%| F|  |TAMS 0x00000000d0300000, 0x00000000d0300000| Untracked 
| 260|0x00000000d0400000, 0x00000000d0400000, 0x00000000d0500000|  0%| F|  |TAMS 0x00000000d0400000, 0x00000000d0400000| Untracked 
| 261|0x00000000d0500000, 0x00000000d0500000, 0x00000000d0600000|  0%| F|  |TAMS 0x00000000d0500000, 0x00000000d0500000| Untracked 
| 262|0x00000000d0600000, 0x00000000d0600000, 0x00000000d0700000|  0%| F|  |TAMS 0x00000000d0600000, 0x00000000d0600000| Untracked 
| 263|0x00000000d0700000, 0x00000000d0700000, 0x00000000d0800000|  0%| F|  |TAMS 0x00000000d0700000, 0x00000000d0700000| Untracked 
| 264|0x00000000d0800000, 0x00000000d0800000, 0x00000000d0900000|  0%| F|  |TAMS 0x00000000d0800000, 0x00000000d0800000| Untracked 
| 265|0x00000000d0900000, 0x00000000d0900000, 0x00000000d0a00000|  0%| F|  |TAMS 0x00000000d0900000, 0x00000000d0900000| Untracked 
| 266|0x00000000d0a00000, 0x00000000d0a00000, 0x00000000d0b00000|  0%| F|  |TAMS 0x00000000d0a00000, 0x00000000d0a00000| Untracked 
| 267|0x00000000d0b00000, 0x00000000d0b00000, 0x00000000d0c00000|  0%| F|  |TAMS 0x00000000d0b00000, 0x00000000d0b00000| Untracked 
| 268|0x00000000d0c00000, 0x00000000d0c00000, 0x00000000d0d00000|  0%| F|  |TAMS 0x00000000d0c00000, 0x00000000d0c00000| Untracked 
| 269|0x00000000d0d00000, 0x00000000d0d00000, 0x00000000d0e00000|  0%| F|  |TAMS 0x00000000d0d00000, 0x00000000d0d00000| Untracked 
| 270|0x00000000d0e00000, 0x00000000d0e00000, 0x00000000d0f00000|  0%| F|  |TAMS 0x00000000d0e00000, 0x00000000d0e00000| Untracked 
| 271|0x00000000d0f00000, 0x00000000d0f00000, 0x00000000d1000000|  0%| F|  |TAMS 0x00000000d0f00000, 0x00000000d0f00000| Untracked 
| 272|0x00000000d1000000, 0x00000000d1000000, 0x00000000d1100000|  0%| F|  |TAMS 0x00000000d1000000, 0x00000000d1000000| Untracked 
| 273|0x00000000d1100000, 0x00000000d1100000, 0x00000000d1200000|  0%| F|  |TAMS 0x00000000d1100000, 0x00000000d1100000| Untracked 
| 274|0x00000000d1200000, 0x00000000d1200000, 0x00000000d1300000|  0%| F|  |TAMS 0x00000000d1200000, 0x00000000d1200000| Untracked 
| 275|0x00000000d1300000, 0x00000000d1300000, 0x00000000d1400000|  0%| F|  |TAMS 0x00000000d1300000, 0x00000000d1300000| Untracked 
| 276|0x00000000d1400000, 0x00000000d14060d0, 0x00000000d1500000|  2%| E|  |TAMS 0x00000000d1400000, 0x00000000d1400000| Complete 

Card table byte_map: [0x00000201cd3e0000,0x00000201cd5e0000] _byte_map_base: 0x00000201ccde0000

Marking Bits (Prev, Next): (CMBitMap*) 0x00000201c7496fa0, (CMBitMap*) 0x00000201c7496f60
 Prev Bits: [0x00000201ce7e0000, 0x00000201cf7e0000)
 Next Bits: [0x00000201cd7e0000, 0x00000201ce7e0000)

Polling page: 0x00000201c53d0000

Metaspace:

Usage:
  Non-class:     64.41 MB used.
      Class:     10.22 MB used.
       Both:     74.63 MB used.

Virtual space:
  Non-class space:      128.00 MB reserved,      64.62 MB ( 50%) committed,  2 nodes.
      Class space:        1.00 GB reserved,      10.50 MB (  1%) committed,  1 nodes.
             Both:        1.12 GB reserved,      75.12 MB (  7%) committed. 

Chunk freelists:
   Non-Class:  14.88 MB
       Class:  5.37 MB
        Both:  20.25 MB

MaxMetaspaceSize: unlimited
CompressedClassSpaceSize: 1.00 GB
Initial GC threshold: 21.00 MB
Current GC threshold: 125.31 MB
CDS: off
MetaspaceReclaimPolicy: balanced
 - commit_granule_bytes: 65536.
 - commit_granule_words: 8192.
 - virtual_space_node_default_size: 8388608.
 - enlarge_chunks_in_place: 1.
 - new_chunks_are_fully_committed: 0.
 - uncommit_free_chunks: 1.
 - use_allocation_guard: 0.
 - handle_deallocations: 1.


Internal statistics:

num_allocs_failed_limit: 6.
num_arena_births: 1056.
num_arena_deaths: 370.
num_vsnodes_births: 3.
num_vsnodes_deaths: 0.
num_space_committed: 1203.
num_space_uncommitted: 1.
num_chunks_returned_to_freelist: 455.
num_chunks_taken_from_freelist: 3799.
num_chunk_merges: 142.
num_chunk_splits: 2490.
num_chunks_enlarged: 1817.
num_inconsistent_stats: 0.

CodeCache: size=49152Kb used=33841Kb max_used=34902Kb free=15310Kb
 bounds [0x00000201ca0d0000, 0x00000201cc300000, 0x00000201cd0d0000]
 total_blobs=18381 nmethods=17660 adapters=647
 compilation: enabled
              stopped_count=0, restarted_count=0
 full_count=0

Compilation events (20 events):
Event: 169208.924 Thread 0x00000201d22e6f40 17829       1       org.eclipse.lsp4j.CodeAction::setTitle (14 bytes)
Event: 169208.924 Thread 0x00000201e0eaf9d0 17830       1       org.eclipse.lsp4j.Command::<init> (12 bytes)
Event: 169208.925 Thread 0x00000201d22e6f40 nmethod 17829 0x00000201cc061a10 code [0x00000201cc061bc0, 0x00000201cc061d28]
Event: 169208.925 Thread 0x00000201e0eaf9d0 nmethod 17830 0x00000201cc061490 code [0x00000201cc061640, 0x00000201cc0618f8]
Event: 169208.925 Thread 0x00000201d22e6f40 17831       1       org.eclipse.lsp4j.Command::<init> (31 bytes)
Event: 169208.925 Thread 0x00000201e0eaf9d0 17832       1       com.google.common.collect.ImmutableList::of (16 bytes)
Event: 169208.925 Thread 0x00000201d22e6f40 nmethod 17831 0x00000201cc060f90 code [0x00000201cc061140, 0x00000201cc061378]
Event: 169208.925 Thread 0x00000201e0eaf9d0 nmethod 17832 0x00000201cc060910 code [0x00000201cc060ac0, 0x00000201cc060df8]
Event: 172082.124 Thread 0x00000201d22e6f40 17833       1       java.math.BigDecimal::checkScale (78 bytes)
Event: 172082.125 Thread 0x00000201d22e6f40 nmethod 17833 0x00000201cc060490 code [0x00000201cc060640, 0x00000201cc060848]
Event: 183727.577 Thread 0x00000201d22e6f40 17834 % !   1       org.eclipse.lsp4j.jsonrpc.json.StreamMessageProducer::listen @ 43 (319 bytes)
Event: 183727.595 Thread 0x00000201d22e6f40 nmethod 17834% 0x00000201cc05db90 code [0x00000201cc05dee0, 0x00000201cc05f538]
Event: 183922.409 Thread 0x00000201d22e6f40 17835   !   1       org.eclipse.lsp4j.jsonrpc.json.StreamMessageProducer::listen (319 bytes)
Event: 183922.411 Thread 0x00000201d22e6f40 nmethod 17835 0x00000201cc05ba10 code [0x00000201cc05bd60, 0x00000201cc05cdb8]
Event: 186169.240 Thread 0x00000201d22e6f40 17836       1       java.util.concurrent.SynchronousQueue$TransferStack$SNode::forgetWaiter (9 bytes)
Event: 186169.245 Thread 0x00000201d22e6f40 nmethod 17836 0x00000201cc05b510 code [0x00000201cc05b6c0, 0x00000201cc05b8f8]
Event: 186169.245 Thread 0x00000201d22e6f40 17837       1       java.lang.invoke.VarHandleReferences$FieldInstanceReadWrite::setOpaque (35 bytes)
Event: 186169.245 Thread 0x00000201d22e6f40 nmethod 17837 0x00000201cc05ad10 code [0x00000201cc05af00, 0x00000201cc05b308]
Event: 252368.353 Thread 0x00000201d22e6f40 17838 % !   1       java.util.concurrent.ThreadPoolExecutor::runWorker @ 21 (187 bytes)
Event: 252368.364 Thread 0x00000201d22e6f40 nmethod 17838% 0x00000201cc059810 code [0x00000201cc059a80, 0x00000201cc05a468]

GC Heap History (20 events):
Event: 276225.685 GC heap before
{Heap before GC invocations=8235 (full 7857):
 garbage-first heap   total 283648K, used 84025K [0x00000000c0000000, 0x0000000100000000)
  region size 1024K, 1 young (1024K), 0 survivors (0K)
 Metaspace       used 76416K, committed 76928K, reserved 1179648K
  class space    used 10461K, committed 10752K, reserved 1048576K
}
Event: 276225.764 GC heap after
{Heap after GC invocations=8236 (full 7858):
 garbage-first heap   total 283648K, used 84025K [0x00000000c0000000, 0x0000000100000000)
  region size 1024K, 0 young (0K), 0 survivors (0K)
 Metaspace       used 76416K, committed 76928K, reserved 1179648K
  class space    used 10461K, committed 10752K, reserved 1048576K
}
Event: 276235.980 GC heap before
{Heap before GC invocations=8236 (full 7858):
 garbage-first heap   total 283648K, used 84025K [0x00000000c0000000, 0x0000000100000000)
  region size 1024K, 1 young (1024K), 0 survivors (0K)
 Metaspace       used 76416K, committed 76928K, reserved 1179648K
  class space    used 10461K, committed 10752K, reserved 1048576K
}
Event: 276236.064 GC heap after
{Heap after GC invocations=8237 (full 7859):
 garbage-first heap   total 283648K, used 84025K [0x00000000c0000000, 0x0000000100000000)
  region size 1024K, 0 young (0K), 0 survivors (0K)
 Metaspace       used 76416K, committed 76928K, reserved 1179648K
  class space    used 10461K, committed 10752K, reserved 1048576K
}
Event: 276246.431 GC heap before
{Heap before GC invocations=8237 (full 7859):
 garbage-first heap   total 283648K, used 84025K [0x00000000c0000000, 0x0000000100000000)
  region size 1024K, 1 young (1024K), 0 survivors (0K)
 Metaspace       used 76416K, committed 76928K, reserved 1179648K
  class space    used 10461K, committed 10752K, reserved 1048576K
}
Event: 276246.576 GC heap after
{Heap after GC invocations=8238 (full 7860):
 garbage-first heap   total 283648K, used 84025K [0x00000000c0000000, 0x0000000100000000)
  region size 1024K, 0 young (0K), 0 survivors (0K)
 Metaspace       used 76416K, committed 76928K, reserved 1179648K
  class space    used 10461K, committed 10752K, reserved 1048576K
}
Event: 276256.886 GC heap before
{Heap before GC invocations=8238 (full 7860):
 garbage-first heap   total 283648K, used 84025K [0x00000000c0000000, 0x0000000100000000)
  region size 1024K, 1 young (1024K), 0 survivors (0K)
 Metaspace       used 76416K, committed 76928K, reserved 1179648K
  class space    used 10461K, committed 10752K, reserved 1048576K
}
Event: 276257.000 GC heap after
{Heap after GC invocations=8239 (full 7861):
 garbage-first heap   total 283648K, used 84025K [0x00000000c0000000, 0x0000000100000000)
  region size 1024K, 0 young (0K), 0 survivors (0K)
 Metaspace       used 76416K, committed 76928K, reserved 1179648K
  class space    used 10461K, committed 10752K, reserved 1048576K
}
Event: 276267.314 GC heap before
{Heap before GC invocations=8239 (full 7861):
 garbage-first heap   total 283648K, used 84025K [0x00000000c0000000, 0x0000000100000000)
  region size 1024K, 1 young (1024K), 0 survivors (0K)
 Metaspace       used 76416K, committed 76928K, reserved 1179648K
  class space    used 10461K, committed 10752K, reserved 1048576K
}
Event: 276267.423 GC heap after
{Heap after GC invocations=8240 (full 7862):
 garbage-first heap   total 283648K, used 84025K [0x00000000c0000000, 0x0000000100000000)
  region size 1024K, 0 young (0K), 0 survivors (0K)
 Metaspace       used 76416K, committed 76928K, reserved 1179648K
  class space    used 10461K, committed 10752K, reserved 1048576K
}
Event: 276277.746 GC heap before
{Heap before GC invocations=8240 (full 7862):
 garbage-first heap   total 283648K, used 84025K [0x00000000c0000000, 0x0000000100000000)
  region size 1024K, 1 young (1024K), 0 survivors (0K)
 Metaspace       used 76416K, committed 76928K, reserved 1179648K
  class space    used 10461K, committed 10752K, reserved 1048576K
}
Event: 276277.823 GC heap after
{Heap after GC invocations=8241 (full 7863):
 garbage-first heap   total 283648K, used 84025K [0x00000000c0000000, 0x0000000100000000)
  region size 1024K, 0 young (0K), 0 survivors (0K)
 Metaspace       used 76416K, committed 76928K, reserved 1179648K
  class space    used 10461K, committed 10752K, reserved 1048576K
}
Event: 276288.093 GC heap before
{Heap before GC invocations=8241 (full 7863):
 garbage-first heap   total 283648K, used 84025K [0x00000000c0000000, 0x0000000100000000)
  region size 1024K, 1 young (1024K), 0 survivors (0K)
 Metaspace       used 76416K, committed 76928K, reserved 1179648K
  class space    used 10461K, committed 10752K, reserved 1048576K
}
Event: 276288.211 GC heap after
{Heap after GC invocations=8242 (full 7864):
 garbage-first heap   total 283648K, used 84025K [0x00000000c0000000, 0x0000000100000000)
  region size 1024K, 0 young (0K), 0 survivors (0K)
 Metaspace       used 76416K, committed 76928K, reserved 1179648K
  class space    used 10461K, committed 10752K, reserved 1048576K
}
Event: 276298.455 GC heap before
{Heap before GC invocations=8242 (full 7864):
 garbage-first heap   total 283648K, used 84025K [0x00000000c0000000, 0x0000000100000000)
  region size 1024K, 1 young (1024K), 0 survivors (0K)
 Metaspace       used 76416K, committed 76928K, reserved 1179648K
  class space    used 10461K, committed 10752K, reserved 1048576K
}
Event: 276298.552 GC heap after
{Heap after GC invocations=8243 (full 7865):
 garbage-first heap   total 283648K, used 84025K [0x00000000c0000000, 0x0000000100000000)
  region size 1024K, 0 young (0K), 0 survivors (0K)
 Metaspace       used 76416K, committed 76928K, reserved 1179648K
  class space    used 10461K, committed 10752K, reserved 1048576K
}
Event: 276308.838 GC heap before
{Heap before GC invocations=8243 (full 7865):
 garbage-first heap   total 283648K, used 84025K [0x00000000c0000000, 0x0000000100000000)
  region size 1024K, 1 young (1024K), 0 survivors (0K)
 Metaspace       used 76416K, committed 76928K, reserved 1179648K
  class space    used 10461K, committed 10752K, reserved 1048576K
}
Event: 276308.945 GC heap after
{Heap after GC invocations=8244 (full 7866):
 garbage-first heap   total 283648K, used 84025K [0x00000000c0000000, 0x0000000100000000)
  region size 1024K, 0 young (0K), 0 survivors (0K)
 Metaspace       used 76416K, committed 76928K, reserved 1179648K
  class space    used 10461K, committed 10752K, reserved 1048576K
}
Event: 276319.213 GC heap before
{Heap before GC invocations=8244 (full 7866):
 garbage-first heap   total 283648K, used 84025K [0x00000000c0000000, 0x0000000100000000)
  region size 1024K, 1 young (1024K), 0 survivors (0K)
 Metaspace       used 76416K, committed 76928K, reserved 1179648K
  class space    used 10461K, committed 10752K, reserved 1048576K
}
Event: 276319.325 GC heap after
{Heap after GC invocations=8245 (full 7867):
 garbage-first heap   total 283648K, used 84025K [0x00000000c0000000, 0x0000000100000000)
  region size 1024K, 0 young (0K), 0 survivors (0K)
 Metaspace       used 76416K, committed 76928K, reserved 1179648K
  class space    used 10461K, committed 10752K, reserved 1048576K
}

Dll operation events (10 events):
Event: 0.015 Loaded shared library c:\Users\56946\.vscode\extensions\redhat.java-1.18.0-win32-x64\jre\17.0.7-win32-x86_64\bin\java.dll
Event: 0.420 Loaded shared library C:\Users\56946\.vscode\extensions\redhat.java-1.18.0-win32-x64\jre\17.0.7-win32-x86_64\bin\net.dll
Event: 0.423 Loaded shared library C:\Users\56946\.vscode\extensions\redhat.java-1.18.0-win32-x64\jre\17.0.7-win32-x86_64\bin\nio.dll
Event: 0.941 Loaded shared library C:\Users\56946\.vscode\extensions\redhat.java-1.18.0-win32-x64\jre\17.0.7-win32-x86_64\bin\zip.dll
Event: 6.195 Loaded shared library C:\Users\56946\.vscode\extensions\redhat.java-1.18.0-win32-x64\jre\17.0.7-win32-x86_64\bin\jimage.dll
Event: 14.144 Loaded shared library C:\Users\56946\.vscode\extensions\redhat.java-1.18.0-win32-x64\jre\17.0.7-win32-x86_64\bin\management.dll
Event: 14.151 Loaded shared library C:\Users\56946\.vscode\extensions\redhat.java-1.18.0-win32-x64\jre\17.0.7-win32-x86_64\bin\management_ext.dll
Event: 16.331 Loaded shared library C:\Users\56946\.vscode\extensions\redhat.java-1.18.0-win32-x64\jre\17.0.7-win32-x86_64\bin\sunmscapi.dll
Event: 24.030 Loaded shared library c:\Users\56946\.vscode\extensions\redhat.java-1.18.0-win32-x64\jre\17.0.7-win32-x86_64\bin\verify.dll
Event: 29.737 Loaded shared library C:\Users\56946\AppData\Local\Temp\snappy-1.1.8-22e696c2-cdc5-4b10-b9b0-cf6c2e37f724-snappyjava.dll

Deoptimization events (20 events):
Event: 8857.584 Thread 0x00000201d7d03c90 DEOPT PACKING pc=0x00000201cb6c1020 sp=0x000000ae7c7fd450
Event: 8857.585 Thread 0x00000201d7d03c90 DEOPT UNPACKING pc=0x00000201ca127143 sp=0x000000ae7c7fc8d0 mode 3
Event: 9080.179 Thread 0x00000201d7cfeac0 DEOPT PACKING pc=0x00000201cb9092d5 sp=0x000000ae7c0fdf20
Event: 9080.180 Thread 0x00000201d7cfeac0 DEOPT UNPACKING pc=0x00000201ca127143 sp=0x000000ae7c0fd420 mode 3
Event: 9118.896 Thread 0x00000201d7d02e20 DEOPT PACKING pc=0x00000201cacfb9a4 sp=0x000000ae7c8fe220
Event: 9118.896 Thread 0x00000201d7d02e20 DEOPT UNPACKING pc=0x00000201ca127143 sp=0x000000ae7c8fd770 mode 0
Event: 9130.633 Thread 0x00000201d7d04b00 DEOPT PACKING pc=0x00000201cb9e948a sp=0x000000ae7bffdcf0
Event: 9130.633 Thread 0x00000201d7d04b00 DEOPT UNPACKING pc=0x00000201ca127143 sp=0x000000ae7bffd190 mode 3
Event: 12764.335 Thread 0x00000201d7d04160 DEOPT PACKING pc=0x00000201cbba66d9 sp=0x000000ae7d3fe920
Event: 12764.335 Thread 0x00000201d7d04160 DEOPT UNPACKING pc=0x00000201ca127143 sp=0x000000ae7d3fddf8 mode 3
Event: 13088.600 Thread 0x00000201e1278a20 DEOPT PACKING pc=0x00000201cbc10e98 sp=0x000000ae7c0fe9b0
Event: 13088.600 Thread 0x00000201e1278a20 DEOPT UNPACKING pc=0x00000201ca127143 sp=0x000000ae7c0fdea0 mode 3
Event: 13095.377 Thread 0x00000201e1278a20 DEOPT PACKING pc=0x00000201cbdfc70f sp=0x000000ae7c0fe780
Event: 13095.377 Thread 0x00000201e1278a20 DEOPT UNPACKING pc=0x00000201ca127143 sp=0x000000ae7c0fdcd0 mode 3
Event: 82491.243 Thread 0x00000201e10452e0 DEOPT PACKING pc=0x00000201cb11d514 sp=0x000000ae7b6fdc00
Event: 82491.244 Thread 0x00000201e10452e0 DEOPT UNPACKING pc=0x00000201ca127143 sp=0x000000ae7b6fd188 mode 0
Event: 103347.386 Thread 0x00000201d7d04160 DEOPT PACKING pc=0x00000201cbd4231d sp=0x000000ae7d3fe360
Event: 103347.386 Thread 0x00000201d7d04160 DEOPT UNPACKING pc=0x00000201ca127143 sp=0x000000ae7d3fd890 mode 3
Event: 106641.560 Thread 0x00000201d7d04160 DEOPT PACKING pc=0x00000201cba43c3b sp=0x000000ae7d3fef70
Event: 106641.560 Thread 0x00000201d7d04160 DEOPT UNPACKING pc=0x00000201ca127143 sp=0x000000ae7d3fe448 mode 3

Classes unloaded (20 events):
Event: 82666.629 Thread 0x00000201d226c190 Unloading class 0x00000001009eb400 'java/lang/invoke/LambdaForm$MH+0x00000001009eb400'
Event: 82666.629 Thread 0x00000201d226c190 Unloading class 0x00000001009eb000 'java/lang/invoke/LambdaForm$MH+0x00000001009eb000'
Event: 82666.629 Thread 0x00000201d226c190 Unloading class 0x00000001009eac00 'java/lang/invoke/LambdaForm$MH+0x00000001009eac00'
Event: 82666.629 Thread 0x00000201d226c190 Unloading class 0x00000001009ea400 'java/lang/invoke/LambdaForm$MH+0x00000001009ea400'
Event: 82666.629 Thread 0x00000201d226c190 Unloading class 0x00000001009ea000 'java/lang/invoke/LambdaForm$MH+0x00000001009ea000'
Event: 82666.629 Thread 0x00000201d226c190 Unloading class 0x00000001009e9c00 'java/lang/invoke/LambdaForm$MH+0x00000001009e9c00'
Event: 82666.629 Thread 0x00000201d226c190 Unloading class 0x00000001009e9800 'java/lang/invoke/LambdaForm$MH+0x00000001009e9800'
Event: 82666.629 Thread 0x00000201d226c190 Unloading class 0x00000001009e9400 'java/lang/invoke/LambdaForm$MH+0x00000001009e9400'
Event: 82666.629 Thread 0x00000201d226c190 Unloading class 0x00000001009e9000 'java/lang/invoke/LambdaForm$MH+0x00000001009e9000'
Event: 82666.629 Thread 0x00000201d226c190 Unloading class 0x00000001009e8c00 'java/lang/invoke/LambdaForm$MH+0x00000001009e8c00'
Event: 82666.629 Thread 0x00000201d226c190 Unloading class 0x00000001009e8800 'java/lang/invoke/LambdaForm$MH+0x00000001009e8800'
Event: 82727.821 Thread 0x00000201d226c190 Unloading class 0x0000000100aa4000 'jdk/internal/reflect/GeneratedConstructorAccessor98'
Event: 82727.821 Thread 0x00000201d226c190 Unloading class 0x00000001009e5800 'jdk/internal/reflect/GeneratedMethodAccessor80'
Event: 83529.166 Thread 0x00000201d226c190 Unloading class 0x00000001009e5800 'jdk/internal/reflect/GeneratedMethodAccessor81'
Event: 102501.371 Thread 0x00000201d226c190 Unloading class 0x00000001009e5800 'jdk/internal/reflect/GeneratedMethodAccessor82'
Event: 103409.166 Thread 0x00000201d226c190 Unloading class 0x00000001009e5800 'jdk/internal/reflect/GeneratedMethodAccessor83'
Event: 104758.034 Thread 0x00000201d226c190 Unloading class 0x00000001009e5800 'jdk/internal/reflect/GeneratedMethodAccessor84'
Event: 106919.024 Thread 0x00000201d226c190 Unloading class 0x00000001009eac00 'jdk/internal/reflect/GeneratedConstructorAccessor99'
Event: 106919.024 Thread 0x00000201d226c190 Unloading class 0x00000001009e5800 'jdk/internal/reflect/GeneratedMethodAccessor88'
Event: 169529.835 Thread 0x00000201d226c190 Unloading class 0x00000001009ecc00 'jdk/internal/reflect/GeneratedMethodAccessor92'

Classes redefined (0 events):
No events

Internal exceptions (20 events):
Event: 169208.910 Thread 0x00000201e1138430 Exception <a 'sun/nio/fs/WindowsException'{0x00000000ed525278}> (0x00000000ed525278) 
thrown [s\src\hotspot\share\prims\jni.cpp, line 516]
Event: 169208.910 Thread 0x00000201e1138430 Exception <a 'sun/nio/fs/WindowsException'{0x00000000ed525588}> (0x00000000ed525588) 
thrown [s\src\hotspot\share\prims\jni.cpp, line 516]
Event: 169208.911 Thread 0x00000201e1138430 Exception <a 'sun/nio/fs/WindowsException'{0x00000000ed5537a8}> (0x00000000ed5537a8) 
thrown [s\src\hotspot\share\prims\jni.cpp, line 516]
Event: 169208.911 Thread 0x00000201e1138430 Exception <a 'sun/nio/fs/WindowsException'{0x00000000ed553a78}> (0x00000000ed553a78) 
thrown [s\src\hotspot\share\prims\jni.cpp, line 516]
Event: 169208.911 Thread 0x00000201e1138430 Exception <a 'sun/nio/fs/WindowsException'{0x00000000ed554948}> (0x00000000ed554948) 
thrown [s\src\hotspot\share\prims\jni.cpp, line 516]
Event: 169208.911 Thread 0x00000201e1138430 Exception <a 'sun/nio/fs/WindowsException'{0x00000000ed554c38}> (0x00000000ed554c38) 
thrown [s\src\hotspot\share\prims\jni.cpp, line 516]
Event: 169208.912 Thread 0x00000201e1138430 Exception <a 'sun/nio/fs/WindowsException'{0x00000000ed574bb0}> (0x00000000ed574bb0) 
thrown [s\src\hotspot\share\prims\jni.cpp, line 516]
Event: 169208.912 Thread 0x00000201e1138430 Exception <a 'sun/nio/fs/WindowsException'{0x00000000ed574e80}> (0x00000000ed574e80) 
thrown [s\src\hotspot\share\prims\jni.cpp, line 516]
Event: 169208.913 Thread 0x00000201e1138430 Exception <a 'sun/nio/fs/WindowsException'{0x00000000ed575d40}> (0x00000000ed575d40) 
thrown [s\src\hotspot\share\prims\jni.cpp, line 516]
Event: 169208.913 Thread 0x00000201e1138430 Exception <a 'sun/nio/fs/WindowsException'{0x00000000ed576030}> (0x00000000ed576030) 
thrown [s\src\hotspot\share\prims\jni.cpp, line 516]
Event: 169208.915 Thread 0x00000201e1138430 Exception <a 'sun/nio/fs/WindowsException'{0x00000000ed5a9a58}> (0x00000000ed5a9a58) 
thrown [s\src\hotspot\share\prims\jni.cpp, line 516]
Event: 169208.915 Thread 0x00000201e1138430 Exception <a 'sun/nio/fs/WindowsException'{0x00000000ed5a9d48}> (0x00000000ed5a9d48) 
thrown [s\src\hotspot\share\prims\jni.cpp, line 516]
Event: 169208.915 Thread 0x00000201e1138430 Exception <a 'sun/nio/fs/WindowsException'{0x00000000ed5ab178}> (0x00000000ed5ab178) 
thrown [s\src\hotspot\share\prims\jni.cpp, line 516]
Event: 169208.915 Thread 0x00000201e1138430 Exception <a 'sun/nio/fs/WindowsException'{0x00000000ed5ab488}> (0x00000000ed5ab488) 
thrown [s\src\hotspot\share\prims\jni.cpp, line 516]
Event: 169208.917 Thread 0x00000201e1138430 Exception <a 'sun/nio/fs/WindowsException'{0x00000000ed5cd5e0}> (0x00000000ed5cd5e0) 
thrown [s\src\hotspot\share\prims\jni.cpp, line 516]
Event: 169208.917 Thread 0x00000201e1138430 Exception <a 'sun/nio/fs/WindowsException'{0x00000000ed5cd8c8}> (0x00000000ed5cd8c8) 
thrown [s\src\hotspot\share\prims\jni.cpp, line 516]
Event: 169208.917 Thread 0x00000201e1138430 Exception <a 'sun/nio/fs/WindowsException'{0x00000000ed5cecf8}> (0x00000000ed5cecf8) 
thrown [s\src\hotspot\share\prims\jni.cpp, line 516]
Event: 169208.917 Thread 0x00000201e1138430 Exception <a 'sun/nio/fs/WindowsException'{0x00000000ed5ceff8}> (0x00000000ed5ceff8) 
thrown [s\src\hotspot\share\prims\jni.cpp, line 516]
Event: 187040.493 Thread 0x00000201d2a6c180 Exception <a 'sun/nio/fs/WindowsException'{0x00000000d1705cb0}> (0x00000000d1705cb0) 
thrown [s\src\hotspot\share\prims\jni.cpp, line 516]
Event: 187040.493 Thread 0x00000201d2a6c180 Exception <a 'sun/nio/fs/WindowsException'{0x00000000d17068f8}> (0x00000000d17068f8) 
thrown [s\src\hotspot\share\prims\jni.cpp, line 516]

VM Operations (20 events):
Event: 276225.765 Executing VM operation: G1CollectFull done
Event: 276235.980 Executing VM operation: G1CollectFull
Event: 276236.064 Executing VM operation: G1CollectFull done
Event: 276246.431 Executing VM operation: G1CollectFull
Event: 276246.577 Executing VM operation: G1CollectFull done
Event: 276256.885 Executing VM operation: G1CollectFull
Event: 276257.000 Executing VM operation: G1CollectFull done
Event: 276267.313 Executing VM operation: G1CollectFull
Event: 276267.424 Executing VM operation: G1CollectFull done
Event: 276277.746 Executing VM operation: G1CollectFull
Event: 276277.824 Executing VM operation: G1CollectFull done
Event: 276288.092 Executing VM operation: G1CollectFull
Event: 276288.211 Executing VM operation: G1CollectFull done
Event: 276298.454 Executing VM operation: G1CollectFull
Event: 276298.552 Executing VM operation: G1CollectFull done
Event: 276308.838 Executing VM operation: G1CollectFull
Event: 276308.945 Executing VM operation: G1CollectFull done
Event: 276319.213 Executing VM operation: G1CollectFull
Event: 276319.326 Executing VM operation: G1CollectFull done
Event: 276329.623 Executing VM operation: G1CollectFull

Events (20 events):
Event: 244644.247 Thread 0x00000201e0eb02f0 Thread added: 0x00000201e0eb02f0
Event: 244704.253 Thread 0x00000201e0eb02f0 Thread exited: 0x00000201e0eb02f0
Event: 254215.936 Thread 0x00000201e13c7010 Thread added: 0x00000201e13c7010
Event: 254373.603 Thread 0x00000201e13c7010 Thread exited: 0x00000201e13c7010
Event: 254546.150 Thread 0x00000201e167c920 Thread added: 0x00000201e167c920
Event: 254749.374 Thread 0x00000201e167c920 Thread exited: 0x00000201e167c920
Event: 254948.592 Thread 0x00000201e0fa68d0 Thread added: 0x00000201e0fa68d0
Event: 255797.841 Thread 0x00000201e0fa68d0 Thread exited: 0x00000201e0fa68d0
Event: 256026.413 Thread 0x00000201e0fa6da0 Thread added: 0x00000201e0fa6da0
Event: 256269.021 Thread 0x00000201e0fa6da0 Thread exited: 0x00000201e0fa6da0
Event: 256328.007 Thread 0x00000201e0fa6400 Thread added: 0x00000201e0fa6400
Event: 256430.979 Thread 0x00000201e0fa6400 Thread exited: 0x00000201e0fa6400
Event: 256449.900 Thread 0x00000201e0fa68d0 Thread added: 0x00000201e0fa68d0
Event: 256528.255 Thread 0x00000201e0fa68d0 Thread exited: 0x00000201e0fa68d0
Event: 256635.309 Thread 0x00000201e14237a0 Thread added: 0x00000201e14237a0
Event: 256713.545 Thread 0x00000201e14237a0 Thread exited: 0x00000201e14237a0
Event: 260689.554 Thread 0x00000201e0fa68d0 Thread added: 0x00000201e0fa68d0
Event: 260749.564 Thread 0x00000201e0fa68d0 Thread exited: 0x00000201e0fa68d0
Event: 275418.245 Thread 0x00000201e0fa6da0 Thread added: 0x00000201e0fa6da0
Event: 275478.262 Thread 0x00000201e0fa6da0 Thread exited: 0x00000201e0fa6da0


Dynamic libraries:
0x00007ff6d4540000 - 0x00007ff6d454e000 	c:\Users\56946\.vscode\extensions\redhat.java-1.18.0-win32-x64\jre\17.0.7-win32-x86_64\bin\java.exe
0x00007ffdc9550000 - 0x00007ffdc9764000 	C:\WINDOWS\SYSTEM32\ntdll.dll
0x00007ffdc7cd0000 - 0x00007ffdc7d92000 	C:\WINDOWS\System32\KERNEL32.DLL
0x00007ffdc6bb0000 - 0x00007ffdc6f53000 	C:\WINDOWS\System32\KERNELBASE.dll
0x00007ffdc7000000 - 0x00007ffdc7111000 	C:\WINDOWS\System32\ucrtbase.dll
0x00007ffdb1790000 - 0x00007ffdb17a7000 	c:\Users\56946\.vscode\extensions\redhat.java-1.18.0-win32-x64\jre\17.0.7-win32-x86_64\bin\jli.dll
0x00007ffdb1220000 - 0x00007ffdb1239000 	c:\Users\56946\.vscode\extensions\redhat.java-1.18.0-win32-x64\jre\17.0.7-win32-x86_64\bin\VCRUNTIME140.dll
0x00007ffdc7f50000 - 0x00007ffdc80fb000 	C:\WINDOWS\System32\USER32.dll
0x00007ffdc6b80000 - 0x00007ffdc6ba6000 	C:\WINDOWS\System32\win32u.dll
0x00007ffdb46c0000 - 0x00007ffdb494e000 	C:\WINDOWS\WinSxS\amd64_microsoft.windows.common-controls_6595b64144ccf1df_6.0.22621.1635_none_270f70857386168e\COMCTL32.dll
0x00007ffdc7ed0000 - 0x00007ffdc7ef9000 	C:\WINDOWS\System32\GDI32.dll
0x00007ffdc76d0000 - 0x00007ffdc7777000 	C:\WINDOWS\System32\msvcrt.dll
0x00007ffdc6970000 - 0x00007ffdc6a88000 	C:\WINDOWS\System32\gdi32full.dll
0x00007ffdc6f60000 - 0x00007ffdc6ffa000 	C:\WINDOWS\System32\msvcp_win.dll
0x00007ffdc7da0000 - 0x00007ffdc7dd1000 	C:\WINDOWS\System32\IMM32.DLL
0x00007ffdb1420000 - 0x00007ffdb142c000 	c:\Users\56946\.vscode\extensions\redhat.java-1.18.0-win32-x64\jre\17.0.7-win32-x86_64\bin\vcruntime140_1.dll
0x00007ffd76e50000 - 0x00007ffd76ee1000 	c:\Users\56946\.vscode\extensions\redhat.java-1.18.0-win32-x64\jre\17.0.7-win32-x86_64\bin\msvcp140.dll
0x00007ffd74b10000 - 0x00007ffd75758000 	c:\Users\56946\.vscode\extensions\redhat.java-1.18.0-win32-x64\jre\17.0.7-win32-x86_64\bin\server\jvm.dll
0x00007ffdc8690000 - 0x00007ffdc873e000 	C:\WINDOWS\System32\ADVAPI32.dll
0x00007ffdc85e0000 - 0x00007ffdc8684000 	C:\WINDOWS\System32\sechost.dll
0x00007ffdc7360000 - 0x00007ffdc7477000 	C:\WINDOWS\System32\RPCRT4.dll
0x00007ffdc2060000 - 0x00007ffdc2069000 	C:\WINDOWS\SYSTEM32\WSOCK32.dll
0x00007ffdbfb40000 - 0x00007ffdbfb4a000 	C:\WINDOWS\SYSTEM32\VERSION.dll
0x00007ffdc8c90000 - 0x00007ffdc8d01000 	C:\WINDOWS\System32\WS2_32.dll
0x00007ffdbf5d0000 - 0x00007ffdbf604000 	C:\WINDOWS\SYSTEM32\WINMM.dll
0x00007ffdc5970000 - 0x00007ffdc5988000 	C:\WINDOWS\SYSTEM32\kernel.appcore.dll
0x00007ffdb1260000 - 0x00007ffdb126a000 	c:\Users\56946\.vscode\extensions\redhat.java-1.18.0-win32-x64\jre\17.0.7-win32-x86_64\bin\jimage.dll
0x00007ffdbc7c0000 - 0x00007ffdbc9ee000 	C:\WINDOWS\SYSTEM32\DBGHELP.DLL
0x00007ffdc7940000 - 0x00007ffdc7cc9000 	C:\WINDOWS\System32\combase.dll
0x00007ffdc8500000 - 0x00007ffdc85d7000 	C:\WINDOWS\System32\OLEAUT32.dll
0x00007ffdac650000 - 0x00007ffdac682000 	C:\WINDOWS\SYSTEM32\dbgcore.DLL
0x00007ffdc6a90000 - 0x00007ffdc6b0b000 	C:\WINDOWS\System32\bcryptPrimitives.dll
0x00007ffda3f20000 - 0x00007ffda3f45000 	c:\Users\56946\.vscode\extensions\redhat.java-1.18.0-win32-x64\jre\17.0.7-win32-x86_64\bin\java.dll
0x00007ffdab9f0000 - 0x00007ffdaba08000 	c:\Users\56946\.vscode\extensions\redhat.java-1.18.0-win32-x64\jre\17.0.7-win32-x86_64\bin\zip.dll
0x00007ffdc8d10000 - 0x00007ffdc950a000 	C:\WINDOWS\System32\SHELL32.dll
0x00007ffdc4970000 - 0x00007ffdc523e000 	C:\WINDOWS\SYSTEM32\windows.storage.dll
0x00007ffdc4830000 - 0x00007ffdc496e000 	C:\WINDOWS\SYSTEM32\wintypes.dll
0x00007ffdc8200000 - 0x00007ffdc82f1000 	C:\WINDOWS\System32\SHCORE.dll
0x00007ffdc84a0000 - 0x00007ffdc84fe000 	C:\WINDOWS\System32\shlwapi.dll
0x00007ffdc68a0000 - 0x00007ffdc68c1000 	C:\WINDOWS\SYSTEM32\profapi.dll
0x00007ffda7ba0000 - 0x00007ffda7bb9000 	C:\Users\56946\.vscode\extensions\redhat.java-1.18.0-win32-x64\jre\17.0.7-win32-x86_64\bin\net.dll
0x00007ffdbfa00000 - 0x00007ffdbfb37000 	C:\WINDOWS\SYSTEM32\WINHTTP.dll
0x00007ffdc5e30000 - 0x00007ffdc5e99000 	C:\WINDOWS\system32\mswsock.dll
0x00007ffda6f70000 - 0x00007ffda6f85000 	C:\Users\56946\.vscode\extensions\redhat.java-1.18.0-win32-x64\jre\17.0.7-win32-x86_64\bin\nio.dll
0x00007ffdc6090000 - 0x00007ffdc60ab000 	C:\WINDOWS\SYSTEM32\CRYPTSP.dll
0x00007ffdc5930000 - 0x00007ffdc5965000 	C:\WINDOWS\system32\rsaenh.dll
0x00007ffdc5f30000 - 0x00007ffdc5f58000 	C:\WINDOWS\SYSTEM32\USERENV.dll
0x00007ffdc6250000 - 0x00007ffdc6278000 	C:\WINDOWS\SYSTEM32\bcrypt.dll
0x00007ffdc60b0000 - 0x00007ffdc60bc000 	C:\WINDOWS\SYSTEM32\CRYPTBASE.dll
0x00007ffdc54a0000 - 0x00007ffdc54cd000 	C:\WINDOWS\SYSTEM32\IPHLPAPI.DLL
0x00007ffdc7ec0000 - 0x00007ffdc7ec9000 	C:\WINDOWS\System32\NSI.dll
0x00007ffdbfbc0000 - 0x00007ffdbfbd9000 	C:\WINDOWS\SYSTEM32\dhcpcsvc6.DLL
0x00007ffdbf850000 - 0x00007ffdbf86f000 	C:\WINDOWS\SYSTEM32\dhcpcsvc.DLL
0x00007ffdc5510000 - 0x00007ffdc5603000 	C:\WINDOWS\SYSTEM32\DNSAPI.dll
0x00007ffdab960000 - 0x00007ffdab969000 	C:\Users\56946\.vscode\extensions\redhat.java-1.18.0-win32-x64\jre\17.0.7-win32-x86_64\bin\management.dll
0x00007ffda8300000 - 0x00007ffda830b000 	C:\Users\56946\.vscode\extensions\redhat.java-1.18.0-win32-x64\jre\17.0.7-win32-x86_64\bin\management_ext.dll
0x00007ffdc7350000 - 0x00007ffdc7358000 	C:\WINDOWS\System32\PSAPI.DLL
0x00007ffda7fc0000 - 0x00007ffda7fce000 	C:\Users\56946\.vscode\extensions\redhat.java-1.18.0-win32-x64\jre\17.0.7-win32-x86_64\bin\sunmscapi.dll
0x00007ffdc7120000 - 0x00007ffdc7287000 	C:\WINDOWS\System32\CRYPT32.dll
0x00007ffdc6220000 - 0x00007ffdc624e000 	C:\WINDOWS\SYSTEM32\ncrypt.dll
0x00007ffdc61e0000 - 0x00007ffdc6217000 	C:\WINDOWS\SYSTEM32\NTASN1.dll
0x00007ffdb39f0000 - 0x00007ffdb39fa000 	C:\Windows\System32\rasadhlp.dll
0x00007ffdbdf00000 - 0x00007ffdbdf84000 	C:\WINDOWS\System32\fwpuclnt.dll
0x00007ffdb2080000 - 0x00007ffdb2090000 	c:\Users\56946\.vscode\extensions\redhat.java-1.18.0-win32-x64\jre\17.0.7-win32-x86_64\bin\verify.dll
0x000000006c500000 - 0x000000006c5c7000 	C:\Users\56946\AppData\Local\Temp\snappy-1.1.8-22e696c2-cdc5-4b10-b9b0-cf6c2e37f724-snappyjava.dll

dbghelp: loaded successfully - version: 4.0.5 - missing functions: none
symbol engine: initialized successfully - sym options: 0x614 - pdb path: .;c:\Users\56946\.vscode\extensions\redhat.java-1.18.0-win32-x64\jre\17.0.7-win32-x86_64\bin;C:\WINDOWS\SYSTEM32;C:\WINDOWS\WinSxS\amd64_microsoft.windows.common-controls_6595b64144ccf1df_6.0.22621.1635_none_270f70857386168e;c:\Users\56946\.vscode\extensions\redhat.java-1.18.0-win32-x64\jre\17.0.7-win32-x86_64\bin\server;C:\Users\56946\AppData\Local\Temp

VM Arguments:
jvm_args: -XX:+HeapDumpOnOutOfMemoryError -Xmx1024m -Dsts.lsp.client=vscode -Dsts.log.file=/dev/null -XX:TieredStopAtLevel=1 -Xlog:jni+resolve=off -Dspring.config.location=file:c:\Users\56946\.vscode\extensions\vmware.vscode-spring-boot-1.46.0\language-server\BOOT-INF\classes\application.properties 
java_command: org.springframework.ide.vscode.boot.app.BootLanguageServerBootApp
java_class_path (initial): c:\Users\56946\.vscode\extensions\vmware.vscode-spring-boot-1.46.0\language-server\BOOT-INF\classes;c:\Users\56946\.vscode\extensions\vmware.vscode-spring-boot-1.46.0\language-server\BOOT-INF\lib\annotations-24.0.1.jar;c:\Users\56946\.vscode\extensions\vmware.vscode-spring-boot-1.46.0\language-server\BOOT-INF\lib\antlr-runtime-3.5.3.jar;c:\Users\56946\.vscode\extensions\vmware.vscode-spring-boot-1.46.0\language-server\BOOT-INF\lib\antlr4-4.11.1.jar;c:\Users\56946\.vscode\extensions\vmware.vscode-spring-boot-1.46.0\language-server\BOOT-INF\lib\antlr4-runtime-4.11.1.jar;c:\Users\56946\.vscode\extensions\vmware.vscode-spring-boot-1.46.0\language-server\BOOT-INF\lib\asm-9.5.jar;c:\Users\56946\.vscode\extensions\vmware.vscode-spring-boot-1.46.0\language-server\BOOT-INF\lib\asm-analysis-9.5.jar;c:\Users\56946\.vscode\extensions\vmware.vscode-spring-boot-1.46.0\language-server\BOOT-INF\lib\asm-tree-9.5.jar;c:\Users\56946\.vscode\extensions\vmware.vscode-spring-boot-1.46.0\language-server\BOOT-INF\lib\asm-util-9.5.jar;c:\Users\56946\.vscode\extensions\vmware.vscode-spring-boot-1.46.0\language-server\BOOT-INF\lib\caffeine-3.1.2.jar;c:\Users\56946\.vscode\extensions\vmware.vscode-spring-boot-1.46.0\language-server\BOOT-INF\lib\checker-qual-3.12.0.jar;c:\Users\56946\.vscode\extensions\vmware.vscode-spring-boot-1.46.0\language-server\BOOT-INF\lib\classgraph-4.8.149.jar;c:\Users\56946\.vscode\extensions\vmware.vscode-spring-boot-1.46.0\language-server\BOOT-INF\lib\commons-codec-1.15.jar;c:\Users\56946\.vscode\extensions\vmware.vscode-spring-boot-1.46.0\language-server\BOOT-INF\lib\commons-compress-1.23.0.jar;c:\Users\56946\.vscode\extensions\vmware.vscode-spring-boot-1.46.0\language-server\BOOT-INF\lib\commons-io-2.4.jar;c:\Users\56946\.vscode\extensions\vmware.vscode-spring-boot-1.46.0\language-server\BOOT-INF\lib\commons-java-1.46.0-SNAPSHOT.jar;c:\Users\56946\.vscode\extensions\vmware.vscode-spring-boot-1.46.0\language-server\BOOT-INF\lib\commons-
Launcher Type: SUN_STANDARD

[Global flags]
     intx CICompilerCount                          = 4                                         {product} {ergonomic}
     uint ConcGCThreads                            = 2                                         {product} {ergonomic}
     uint G1ConcRefinementThreads                  = 8                                         {product} {ergonomic}
   size_t G1HeapRegionSize                         = 1048576                                   {product} {ergonomic}
    uintx GCDrainStackTargetSize                   = 64                                        {product} {ergonomic}
     bool HeapDumpOnOutOfMemoryError               = true                                   {manageable} {command line}
   size_t InitialHeapSize                          = 301989888                                 {product} {ergonomic}
   size_t MarkStackSize                            = 4194304                                   {product} {ergonomic}
   size_t MaxHeapSize                              = 1073741824                                {product} {command line}
   size_t MaxNewSize                               = 643825664                                 {product} {ergonomic}
   size_t MinHeapDeltaBytes                        = 1048576                                   {product} {ergonomic}
   size_t MinHeapSize                              = 8388608                                   {product} {ergonomic}
    uintx NonProfiledCodeHeapSize                  = 0                                      {pd product} {ergonomic}
     bool ProfileInterpreter                       = false                                  {pd product} {command line}
    uintx ProfiledCodeHeapSize                     = 0                                      {pd product} {ergonomic}
   size_t SoftMaxHeapSize                          = 1073741824                             {manageable} {ergonomic}
     intx TieredStopAtLevel                        = 1                                         {product} {command line}
     bool UseCompressedClassPointers               = true                           {product lp64_product} {ergonomic}
     bool UseCompressedOops                        = true                           {product lp64_product} {ergonomic}
     bool UseG1GC                                  = true                                      {product} {ergonomic}
     bool UseLargePagesIndividualAllocation        = false                                  {pd product} {ergonomic}

Logging:
Log output configuration:
 #0: stdout all=warning,jni+resolve=off uptime,level,tags
 #1: stderr all=off uptime,level,tags

Environment Variables:
JAVA_HOME=C:\Program Files\Java\jdk1.8.0_111
PATH=C:\Program Files\Eclipse Adoptium\jdk-17.0.7.7-hotspot\bin;C:\Program Files\Eclipse Adoptium\jdk-8.0.352.8-hotspot\bin;C:\ProgramData\Oracle\Java\javapath;C:\Program Files\Common Files\Oracle\Java\javapath;C:\Program Files (x86)\Common Files\Oracle\Java\javapath;C:\WINDOWS\system32;C:\WINDOWS;C:\WINDOWS\System32\Wbem;C:\WINDOWS\System32\WindowsPowerShell\v1.0\;C:\WINDOWS\System32\OpenSSH\;C:\Program Files (x86)\Yarn\bin\;C:\ProgramData\chocolatey\bin;C:\Program Files\OpenJDK\openjdk-11.0.15_10\bin;C:\Program Files\Java\apache-maven-3.9.1\bin;C:\Program Files\Java\jre1.8.0_361\bin;C:\Program Files\Java\jdk1.8.0_111\bin;C:\Program Files\PuTTY\;C:\Program Files\dotnet\;C:\Program Files\Git\cmd;C:\Program Files\nodejs\;C:\Users\56946\.console-ninja\.bin;C:\Program Files\MySQL\MySQL Shell 8.0\bin\;C:\Users\56946\AppData\Local\Microsoft\WindowsApps;C:\Users\56946\AppData\Local\Programs\Microsoft VS Code\bin;C:\Users\56946\AppData\Local\Yarn\bin;C:\Users\56946\AppData\Local\Android\Sdk\platform-tools;C:\Users\56946\AppData\Local\GitHubDesktop\bin;C:\Users\56946\AppData\Roaming\npm
USERNAME=56946
OS=Windows_NT
PROCESSOR_IDENTIFIER=AMD64 Family 23 Model 24 Stepping 1, AuthenticAMD
TMP=C:\Users\56946\AppData\Local\Temp
TEMP=C:\Users\56946\AppData\Local\Temp



---------------  S Y S T E M  ---------------

OS:
 Windows 11 , 64 bit Build 22621 (10.0.22621.1635)
OS uptime: 3 days 5:08 hours

CPU: total 8 (initial active 8) (8 cores per cpu, 2 threads per core) family 23 model 24 stepping 1 microcode 0x0, cx8, cmov, fxsr, ht, mmx, 3dnowpref, sse, sse2, sse3, ssse3, sse4a, sse4.1, sse4.2, popcnt, lzcnt, tsc, tscinvbit, avx, avx2, aes, clmul, bmi1, bmi2, adx, sha, fma, vzeroupper, clflush, clflushopt

Memory: 4k page, system-wide physical 18379M (4004M free)
TotalPageFile size 20427M (AvailPageFile size 28M)
current process WorkingSet (physical memory assigned to process): 217M, peak: 1201M
current process commit charge ("private bytes"): 524M, peak: 1249M

vm_info: OpenJDK 64-Bit Server VM (17.0.7+7) for windows-amd64 JRE (17.0.7+7), built on Apr 18 2023 22:10:42 by "temurin" with MS VC++ 16.7 (VS2019)

END.
