#
# There is insufficient memory for the Java Runtime Environment to continue.
# Native memory allocation (malloc) failed to allocate 1048576 bytes for AllocateHeap
# Possible reasons:
#   The system is out of physical RAM or swap space
#   The process is running with CompressedOops enabled, and the Java Heap may be blocking the growth of the native heap
# Possible solutions:
#   Reduce memory load on the system
#   Increase physical memory or swap space
#   Check if swap backing store is full
#   Decrease Java heap size (-Xmx/-Xms)
#   Decrease number of Java threads
#   Decrease Java thread stack sizes (-Xss)
#   Set larger code cache with -XX:ReservedCodeCacheSize=
#   JVM is running with Unscaled Compressed Oops mode in which the Java heap is
#     placed in the first 4GB address space. The Java Heap base address is the
#     maximum limit for the native heap growth. Please use -XX:HeapBaseMinAddress
#     to set the Java Heap base and to place the Java Heap above 4GB virtual address.
# This output file may be truncated or incomplete.
#
#  Out of Memory Error (allocation.cpp:44), pid=4764, tid=12544
#
# JRE version: OpenJDK Runtime Environment Temurin-17.0.7+7 (17.0.7+7) (build 17.0.7+7)
# Java VM: OpenJDK 64-Bit Server VM Temurin-17.0.7+7 (17.0.7+7, mixed mode, emulated-client, tiered, compressed oops, compressed class ptrs, g1 gc, windows-amd64)
# No core dump will be written. Minidumps are not enabled by default on client versions of Windows
#

---------------  S U M M A R Y ------------

Command Line: -XX:+HeapDumpOnOutOfMemoryError -Xmx1024m -Dsts.lsp.client=vscode -Dsts.log.file=/dev/null -XX:TieredStopAtLevel=1 -Xlog:jni+resolve=off -Dspring.config.location=file:c:\Users\56946\.vscode\extensions\vmware.vscode-spring-boot-1.46.0\language-server\BOOT-INF\classes\application.properties org.springframework.ide.vscode.boot.app.BootLanguageServerBootApp

Host: AMD Ryzen 5 3500U with Radeon Vega Mobile Gfx  , 8 cores, 17G,  Windows 11 , 64 bit Build 22621 (10.0.22621.1635)
Time: Sat May 27 21:26:07 2023 Hora est. Sudamérica Pacífico elapsed time: 95135.257614 seconds (1d 2h 25m 35s)

---------------  T H R E A D  ---------------

Current thread (0x000002333a0268e0):  VMThread "VM Thread" [stack: 0x000000e022d00000,0x000000e022e00000] [id=12544]

Stack: [0x000000e022d00000,0x000000e022e00000]
Native frames: (J=compiled Java code, j=interpreted, Vv=VM code, C=native code)
V  [jvm.dll+0x67754a]
V  [jvm.dll+0x834304]
V  [jvm.dll+0x835aae]
V  [jvm.dll+0x836113]
V  [jvm.dll+0x24696f]
V  [jvm.dll+0xa681f]
V  [jvm.dll+0x2f73f3]
V  [jvm.dll+0x2f30f0]
V  [jvm.dll+0x2db6c7]
V  [jvm.dll+0x31e777]
V  [jvm.dll+0x83a5bb]
V  [jvm.dll+0x83b2f4]
V  [jvm.dll+0x83b80c]
V  [jvm.dll+0x83bbe4]
V  [jvm.dll+0x83bcb0]
V  [jvm.dll+0x7e4e7a]
V  [jvm.dll+0x676395]
C  [ucrtbase.dll+0x29363]
C  [KERNEL32.DLL+0x126ad]
C  [ntdll.dll+0x5a9f8]

VM_Operation (0x000000e0246fe960): G1CollectFull, mode: safepoint, requested by thread 0x000002333b8e0020


---------------  P R O C E S S  ---------------

Threads class SMR info:
_java_thread_list=0x000002333ab60e60, length=20, elements={
0x000002333a03b380, 0x000002333a03df40, 0x000002333a069c10, 0x000002333a06a7c0,
0x000002333a06d180, 0x000002333a06db30, 0x000002333a0704f0, 0x000002333a07c3f0,
0x000002333a283900, 0x000002333a287200, 0x000002333a1760f0, 0x000002333ac42000,
0x000002333b8e0020, 0x000002333aab3040, 0x00000233290f2930, 0x000002333a1d7470,
0x000002333ac7b500, 0x000002333ac8d9b0, 0x000002333ac52830, 0x000002333ac52360
}

Java Threads: ( => current thread )
  0x000002333a03b380 JavaThread "Reference Handler" daemon [_thread_blocked, id=4648, stack(0x000000e022e00000,0x000000e022f00000)]
  0x000002333a03df40 JavaThread "Finalizer" daemon [_thread_blocked, id=16744, stack(0x000000e022f00000,0x000000e023000000)]
  0x000002333a069c10 JavaThread "Signal Dispatcher" daemon [_thread_blocked, id=14312, stack(0x000000e023000000,0x000000e023100000)]
  0x000002333a06a7c0 JavaThread "Attach Listener" daemon [_thread_blocked, id=10180, stack(0x000000e023100000,0x000000e023200000)]
  0x000002333a06d180 JavaThread "Service Thread" daemon [_thread_blocked, id=14340, stack(0x000000e023200000,0x000000e023300000)]
  0x000002333a06db30 JavaThread "Monitor Deflation Thread" daemon [_thread_blocked, id=15428, stack(0x000000e023300000,0x000000e023400000)]
  0x000002333a0704f0 JavaThread "C1 CompilerThread0" daemon [_thread_blocked, id=16912, stack(0x000000e023400000,0x000000e023500000)]
  0x000002333a07c3f0 JavaThread "Sweeper thread" daemon [_thread_blocked, id=8372, stack(0x000000e023500000,0x000000e023600000)]
  0x000002333a283900 JavaThread "Notification Thread" daemon [_thread_blocked, id=14432, stack(0x000000e023600000,0x000000e023700000)]
  0x000002333a287200 JavaThread "Common-Cleaner" daemon [_thread_blocked, id=18048, stack(0x000000e023800000,0x000000e023900000)]
  0x000002333a1760f0 JavaThread "boundedElastic-evictor-1" daemon [_thread_blocked, id=5212, stack(0x000000e024100000,0x000000e024200000)]
  0x000002333ac42000 JavaThread "boundedElastic-evictor-2" daemon [_thread_blocked, id=14448, stack(0x000000e024500000,0x000000e024600000)]
  0x000002333b8e0020 JavaThread "pool-10-thread-1" [_thread_blocked, id=13104, stack(0x000000e024600000,0x000000e024700000)]
  0x000002333aab3040 JavaThread "LanguageServerApp-lifecycle" [_thread_blocked, id=4476, stack(0x000000e024700000,0x000000e024800000)]
  0x00000233290f2930 JavaThread "DestroyJavaVM" [_thread_blocked, id=2776, stack(0x000000e022700000,0x000000e022800000)]
  0x000002333a1d7470 JavaThread "pool-11-thread-1" [_thread_in_native, id=14660, stack(0x000000e024800000,0x000000e024900000)]
  0x000002333ac7b500 JavaThread "Simple-Language-Server main thread" daemon [_thread_blocked, id=11052, stack(0x000000e024900000,0x000000e024a00000)]
  0x000002333ac8d9b0 JavaThread "pool-6-thread-1" [_thread_blocked, id=14776, stack(0x000000e024a00000,0x000000e024b00000)]
  0x000002333ac52830 JavaThread "pool-2-thread-310" [_thread_blocked, id=14700, stack(0x000000e022600000,0x000000e022700000)]
  0x000002333ac52360 JavaThread "pool-2-thread-311" [_thread_blocked, id=5144, stack(0x000000e022400000,0x000000e022500000)]

Other Threads:
=>0x000002333a0268e0 VMThread "VM Thread" [stack: 0x000000e022d00000,0x000000e022e00000] [id=12544]
  0x0000023329143b00 WatcherThread [stack: 0x000000e023700000,0x000000e023800000] [id=17304]
  0x00000233291322b0 GCTaskThread "GC Thread#0" [stack: 0x000000e022800000,0x000000e022900000] [id=18296]
  0x000002333af62e40 GCTaskThread "GC Thread#1" [stack: 0x000000e023a00000,0x000000e023b00000] [id=2088]
  0x000002333af93020 GCTaskThread "GC Thread#2" [stack: 0x000000e023b00000,0x000000e023c00000] [id=15120]
  0x000002333af932d0 GCTaskThread "GC Thread#3" [stack: 0x000000e023c00000,0x000000e023d00000] [id=13760]
  0x000002333af93580 GCTaskThread "GC Thread#4" [stack: 0x000000e023d00000,0x000000e023e00000] [id=19312]
  0x000002333af97c40 GCTaskThread "GC Thread#5" [stack: 0x000000e023e00000,0x000000e023f00000] [id=13616]
  0x000002333b1f0d10 GCTaskThread "GC Thread#6" [stack: 0x000000e023f00000,0x000000e024000000] [id=15680]
  0x000002333b1cba10 GCTaskThread "GC Thread#7" [stack: 0x000000e024000000,0x000000e024100000] [id=14876]
  0x000002332913c360 ConcurrentGCThread "G1 Main Marker" [stack: 0x000000e022900000,0x000000e022a00000] [id=18820]
  0x000002332913e3c0 ConcurrentGCThread "G1 Conc#0" [stack: 0x000000e022a00000,0x000000e022b00000] [id=19808]
  0x000002333b3c03f0 ConcurrentGCThread "G1 Conc#1" [stack: 0x000000e024400000,0x000000e024500000] [id=12788]
  0x00000233291ad680 ConcurrentGCThread "G1 Refine#0" [stack: 0x000000e022b00000,0x000000e022c00000] [id=14624]
  0x00000233291adf40 ConcurrentGCThread "G1 Service" [stack: 0x000000e022c00000,0x000000e022d00000] [id=14828]

Threads with active compile tasks:

VM state: at safepoint (normal execution)

VM Mutex/Monitor currently owned by a thread:  ([mutex/lock_event])
[0x0000023328fde550] Threads_lock - owner thread: 0x000002333a0268e0
[0x00000233290f1000] Heap_lock - owner thread: 0x000002333b8e0020

Heap address: 0x00000000c0000000, size: 1024 MB, Compressed Oops mode: 32-bit

CDS archive(s) not mapped
Compressed class space mapped at: 0x0000000100000000-0x0000000140000000, reserved size: 1073741824
Narrow klass base: 0x0000000000000000, Narrow klass shift: 3, Narrow klass range: 0x140000000

GC Precious Log:
 CPUs: 8 total, 8 available
 Memory: 18379M
 Large Page Support: Disabled
 NUMA Support: Disabled
 Compressed Oops: Enabled (32-bit)
 Heap Region Size: 1M
 Heap Min Capacity: 8M
 Heap Initial Capacity: 288M
 Heap Max Capacity: 1G
 Pre-touch: Disabled
 Parallel Workers: 8
 Concurrent Workers: 2
 Concurrent Refinement Workers: 8
 Periodic GC: Disabled

Heap:
 garbage-first heap   total 45056K, used 14344K [0x00000000c0000000, 0x0000000100000000)
  region size 1024K, 2 young (2048K), 1 survivors (1024K)
 Metaspace       used 34624K, committed 35008K, reserved 1114112K
  class space    used 4508K, committed 4672K, reserved 1048576K

Heap Regions: E=young(eden), S=young(survivor), O=old, HS=humongous(starts), HC=humongous(continues), CS=collection set, F=free, OA=open archive, CA=closed archive, TAMS=top-at-mark-start (previous, next)
|   0|0x00000000c0000000, 0x00000000c00ffff0, 0x00000000c0100000| 99%| O|  |TAMS 0x00000000c00ffff0, 0x00000000c0000000| Untracked 
|   1|0x00000000c0100000, 0x00000000c0200000, 0x00000000c0200000|100%| O|  |TAMS 0x00000000c0200000, 0x00000000c0100000| Untracked 
|   2|0x00000000c0200000, 0x00000000c0300000, 0x00000000c0300000|100%| O|  |TAMS 0x00000000c0300000, 0x00000000c0200000| Untracked 
|   3|0x00000000c0300000, 0x00000000c0400000, 0x00000000c0400000|100%| O|  |TAMS 0x00000000c0400000, 0x00000000c0300000| Untracked 
|   4|0x00000000c0400000, 0x00000000c04fffc8, 0x00000000c0500000| 99%| O|  |TAMS 0x00000000c04fffc8, 0x00000000c0400000| Untracked 
|   5|0x00000000c0500000, 0x00000000c0600000, 0x00000000c0600000|100%| O|  |TAMS 0x00000000c0600000, 0x00000000c0500000| Untracked 
|   6|0x00000000c0600000, 0x00000000c06ffff0, 0x00000000c0700000| 99%| O|  |TAMS 0x00000000c06ffff0, 0x00000000c0600000| Untracked 
|   7|0x00000000c0700000, 0x00000000c07fffd0, 0x00000000c0800000| 99%| O|  |TAMS 0x00000000c07fffd0, 0x00000000c0700000| Untracked 
|   8|0x00000000c0800000, 0x00000000c08ffff8, 0x00000000c0900000| 99%| O|  |TAMS 0x00000000c08ffff8, 0x00000000c0800000| Untracked 
|   9|0x00000000c0900000, 0x00000000c09ffca8, 0x00000000c0a00000| 99%| O|  |TAMS 0x00000000c09ffca8, 0x00000000c0900000| Untracked 
|  10|0x00000000c0a00000, 0x00000000c0b00000, 0x00000000c0b00000|100%| O|  |TAMS 0x00000000c0b00000, 0x00000000c0a00000| Untracked 
|  11|0x00000000c0b00000, 0x00000000c0c00000, 0x00000000c0c00000|100%| O|  |TAMS 0x00000000c0c00000, 0x00000000c0b00000| Untracked 
|  12|0x00000000c0c00000, 0x00000000c0cfffd8, 0x00000000c0d00000| 99%| O|  |TAMS 0x00000000c0cfffd8, 0x00000000c0c00000| Untracked 
|  13|0x00000000c0d00000, 0x00000000c0d85d20, 0x00000000c0e00000| 52%| O|  |TAMS 0x00000000c0d00000, 0x00000000c0d00000| Untracked 
|  14|0x00000000c0e00000, 0x00000000c0e40488, 0x00000000c0f00000| 25%| O|  |TAMS 0x00000000c0e00000, 0x00000000c0e00000| Untracked 
|  15|0x00000000c0f00000, 0x00000000c0f38a00, 0x00000000c1000000| 22%| O|  |TAMS 0x00000000c0f00000, 0x00000000c0f00000| Untracked 
|  16|0x00000000c1000000, 0x00000000c1000000, 0x00000000c1100000|  0%| F|  |TAMS 0x00000000c1000000, 0x00000000c1000000| Untracked 
|  17|0x00000000c1100000, 0x00000000c1100000, 0x00000000c1200000|  0%| F|  |TAMS 0x00000000c1100000, 0x00000000c1100000| Untracked 
|  18|0x00000000c1200000, 0x00000000c1200000, 0x00000000c1300000|  0%| F|  |TAMS 0x00000000c1200000, 0x00000000c1200000| Untracked 
|  19|0x00000000c1300000, 0x00000000c1300000, 0x00000000c1400000|  0%| F|  |TAMS 0x00000000c1300000, 0x00000000c1300000| Untracked 
|  20|0x00000000c1400000, 0x00000000c1400000, 0x00000000c1500000|  0%| F|  |TAMS 0x00000000c1400000, 0x00000000c1400000| Untracked 
|  21|0x00000000c1500000, 0x00000000c1503870, 0x00000000c1600000|  1%| S|CS|TAMS 0x00000000c1500000, 0x00000000c1500000| Complete 
|  22|0x00000000c1600000, 0x00000000c1600000, 0x00000000c1700000|  0%| F|  |TAMS 0x00000000c1600000, 0x00000000c1600000| Untracked 
|  23|0x00000000c1700000, 0x00000000c1700000, 0x00000000c1800000|  0%| F|  |TAMS 0x00000000c1700000, 0x00000000c1700000| Untracked 
|  24|0x00000000c1800000, 0x00000000c1800000, 0x00000000c1900000|  0%| F|  |TAMS 0x00000000c1800000, 0x00000000c1800000| Untracked 
|  25|0x00000000c1900000, 0x00000000c1900000, 0x00000000c1a00000|  0%| F|  |TAMS 0x00000000c1900000, 0x00000000c1900000| Untracked 
|  26|0x00000000c1a00000, 0x00000000c1a00000, 0x00000000c1b00000|  0%| F|  |TAMS 0x00000000c1a00000, 0x00000000c1a00000| Untracked 
|  27|0x00000000c1b00000, 0x00000000c1b00000, 0x00000000c1c00000|  0%| F|  |TAMS 0x00000000c1b00000, 0x00000000c1b00000| Untracked 
|  28|0x00000000c1c00000, 0x00000000c1c00000, 0x00000000c1d00000|  0%| F|  |TAMS 0x00000000c1c00000, 0x00000000c1c00000| Untracked 
|  29|0x00000000c1d00000, 0x00000000c1d00000, 0x00000000c1e00000|  0%| F|  |TAMS 0x00000000c1d00000, 0x00000000c1d00000| Untracked 
|  30|0x00000000c1e00000, 0x00000000c1e00000, 0x00000000c1f00000|  0%| F|  |TAMS 0x00000000c1e00000, 0x00000000c1e00000| Untracked 
|  31|0x00000000c1f00000, 0x00000000c1f00000, 0x00000000c2000000|  0%| F|  |TAMS 0x00000000c1f00000, 0x00000000c1f00000| Untracked 
|  32|0x00000000c2000000, 0x00000000c2000000, 0x00000000c2100000|  0%| F|  |TAMS 0x00000000c2000000, 0x00000000c2000000| Untracked 
|  33|0x00000000c2100000, 0x00000000c2100000, 0x00000000c2200000|  0%| F|  |TAMS 0x00000000c2100000, 0x00000000c2100000| Untracked 
|  34|0x00000000c2200000, 0x00000000c2200000, 0x00000000c2300000|  0%| F|  |TAMS 0x00000000c2200000, 0x00000000c2200000| Untracked 
|  35|0x00000000c2300000, 0x00000000c2300000, 0x00000000c2400000|  0%| F|  |TAMS 0x00000000c2300000, 0x00000000c2300000| Untracked 
|  36|0x00000000c2400000, 0x00000000c2400000, 0x00000000c2500000|  0%| F|  |TAMS 0x00000000c2400000, 0x00000000c2400000| Untracked 
|  37|0x00000000c2500000, 0x00000000c2500000, 0x00000000c2600000|  0%| F|  |TAMS 0x00000000c2500000, 0x00000000c2500000| Untracked 
|  38|0x00000000c2600000, 0x00000000c2600000, 0x00000000c2700000|  0%| F|  |TAMS 0x00000000c2600000, 0x00000000c2600000| Untracked 
| 263|0x00000000d0700000, 0x00000000d0700000, 0x00000000d0800000|  0%| F|  |TAMS 0x00000000d0700000, 0x00000000d0700000| Untracked 
| 264|0x00000000d0800000, 0x00000000d0800000, 0x00000000d0900000|  0%| F|  |TAMS 0x00000000d0800000, 0x00000000d0800000| Untracked 
| 265|0x00000000d0900000, 0x00000000d0900000, 0x00000000d0a00000|  0%| F|  |TAMS 0x00000000d0900000, 0x00000000d0900000| Untracked 
| 266|0x00000000d0a00000, 0x00000000d0a00000, 0x00000000d0b00000|  0%| F|  |TAMS 0x00000000d0a00000, 0x00000000d0a00000| Untracked 
| 287|0x00000000d1f00000, 0x00000000d1f7bc00, 0x00000000d2000000| 48%| E|  |TAMS 0x00000000d1f00000, 0x00000000d1f00000| Complete 

Card table byte_map: [0x0000023331080000,0x0000023331280000] _byte_map_base: 0x0000023330a80000

Marking Bits (Prev, Next): (CMBitMap*) 0x0000023329133910, (CMBitMap*) 0x00000233291338d0
 Prev Bits: [0x0000023332480000, 0x0000023333480000)
 Next Bits: [0x0000023331480000, 0x0000023332480000)

Polling page: 0x00000233291b0000

Metaspace:

Usage:
  Non-class:     29.41 MB used.
      Class:      4.40 MB used.
       Both:     33.81 MB used.

Virtual space:
  Non-class space:       64.00 MB reserved,      29.62 MB ( 46%) committed,  1 nodes.
      Class space:        1.00 GB reserved,       4.56 MB ( <1%) committed,  1 nodes.
             Both:        1.06 GB reserved,      34.19 MB (  3%) committed. 

Chunk freelists:
   Non-Class:  1.88 MB
       Class:  11.32 MB
        Both:  13.20 MB

MaxMetaspaceSize: unlimited
CompressedClassSpaceSize: 1.00 GB
Initial GC threshold: 21.00 MB
Current GC threshold: 57.00 MB
CDS: off
MetaspaceReclaimPolicy: balanced
 - commit_granule_bytes: 65536.
 - commit_granule_words: 8192.
 - virtual_space_node_default_size: 8388608.
 - enlarge_chunks_in_place: 1.
 - new_chunks_are_fully_committed: 0.
 - uncommit_free_chunks: 1.
 - use_allocation_guard: 0.
 - handle_deallocations: 1.


Internal statistics:

num_allocs_failed_limit: 5.
num_arena_births: 480.
num_arena_deaths: 142.
num_vsnodes_births: 2.
num_vsnodes_deaths: 0.
num_space_committed: 547.
num_space_uncommitted: 0.
num_chunks_returned_to_freelist: 162.
num_chunks_taken_from_freelist: 1499.
num_chunk_merges: 47.
num_chunk_splits: 999.
num_chunks_enlarged: 748.
num_inconsistent_stats: 0.

CodeCache: size=49152Kb used=7229Kb max_used=8621Kb free=41922Kb
 bounds [0x000002332d590000, 0x000002332de60000, 0x0000023330590000]
 total_blobs=4372 nmethods=3837 adapters=462
 compilation: enabled
              stopped_count=0, restarted_count=0
 full_count=0

Compilation events (20 events):
Event: 92386.451 Thread 0x000002333a0704f0 3828       1       java.lang.ThreadLocal::createMap (14 bytes)
Event: 92386.451 Thread 0x000002333a0704f0 nmethod 3828 0x000002332d9dc090 code [0x000002332d9dc240, 0x000002332d9dc3e8]
Event: 92386.451 Thread 0x000002333a0704f0 3829       1       java.lang.ThreadLocal$ThreadLocalMap::<init> (53 bytes)
Event: 92386.451 Thread 0x000002333a0704f0 nmethod 3829 0x000002332d9db990 code [0x000002332d9dbb40, 0x000002332d9dbf08]
Event: 92524.585 Thread 0x000002333a0704f0 3830   !   1       java.util.concurrent.ThreadPoolExecutor::tryTerminate (163 bytes)
Event: 92524.587 Thread 0x000002333a0704f0 nmethod 3830 0x000002332d9da790 code [0x000002332d9daa40, 0x000002332d9db268]
Event: 92524.626 Thread 0x000002333a0704f0 3831       1       java.util.concurrent.ThreadPoolExecutor::runStateLessThan (11 bytes)
Event: 92524.627 Thread 0x000002333a0704f0 nmethod 3831 0x000002332d9da490 code [0x000002332d9da620, 0x000002332d9da6d8]
Event: 92975.764 Thread 0x000002333a0704f0 3832       1       java.lang.Thread::exit (70 bytes)
Event: 92975.764 Thread 0x000002333a0704f0 nmethod 3832 0x000002332d9d9e10 code [0x000002332d9d9fe0, 0x000002332d9da348]
Event: 93111.798 Thread 0x000002333a0704f0 3833       1       java.util.concurrent.SynchronousQueue$TransferStack::clean (114 bytes)
Event: 93111.800 Thread 0x000002333a0704f0 nmethod 3833 0x000002332d9d8810 code [0x000002332d9d8ac0, 0x000002332d9d9778]
Event: 93218.986 Thread 0x000002333a0704f0 3834   !   1       java.util.concurrent.ThreadPoolExecutor::processWorkerExit (138 bytes)
Event: 93218.988 Thread 0x000002333a0704f0 nmethod 3834 0x000002332d9d7d10 code [0x000002332d9d7f40, 0x000002332d9d8408]
Event: 93406.854 Thread 0x000002333a0704f0 3835   !   1       java.lang.ThreadGroup::threadTerminated (63 bytes)
Event: 93406.854 Thread 0x000002333a0704f0 nmethod 3835 0x000002332d9d7810 code [0x000002332d9d79c0, 0x000002332d9d7c08]
Event: 94940.089 Thread 0x000002333a0704f0 3836   !   1       java.util.concurrent.CompletableFuture::uniApplyNow (106 bytes)
Event: 94940.093 Thread 0x000002333a0704f0 nmethod 3836 0x000002332d9d6c90 code [0x000002332d9d6ea0, 0x000002332d9d75b8]
Event: 94940.093 Thread 0x000002333a0704f0 3837       1       java.util.concurrent.CompletableFuture::encodeValue (12 bytes)
Event: 94940.093 Thread 0x000002333a0704f0 nmethod 3837 0x000002332d9d6990 code [0x000002332d9d6b20, 0x000002332d9d6bf8]

GC Heap History (20 events):
Event: 94899.822 GC heap before
{Heap before GC invocations=2038 (full 1546):
 garbage-first heap   total 45056K, used 35845K [0x00000000c0000000, 0x0000000100000000)
  region size 1024K, 22 young (22528K), 1 survivors (1024K)
 Metaspace       used 34624K, committed 35008K, reserved 1114112K
  class space    used 4508K, committed 4672K, reserved 1048576K
}
Event: 94899.823 GC heap after
{Heap after GC invocations=2039 (full 1546):
 garbage-first heap   total 45056K, used 14345K [0x00000000c0000000, 0x0000000100000000)
  region size 1024K, 1 young (1024K), 1 survivors (1024K)
 Metaspace       used 34624K, committed 35008K, reserved 1114112K
  class space    used 4508K, committed 4672K, reserved 1048576K
}
Event: 94919.050 GC heap before
{Heap before GC invocations=2039 (full 1546):
 garbage-first heap   total 45056K, used 35849K [0x00000000c0000000, 0x0000000100000000)
  region size 1024K, 22 young (22528K), 1 survivors (1024K)
 Metaspace       used 34624K, committed 35008K, reserved 1114112K
  class space    used 4508K, committed 4672K, reserved 1048576K
}
Event: 94919.050 GC heap after
{Heap after GC invocations=2040 (full 1546):
 garbage-first heap   total 45056K, used 14343K [0x00000000c0000000, 0x0000000100000000)
  region size 1024K, 1 young (1024K), 1 survivors (1024K)
 Metaspace       used 34624K, committed 35008K, reserved 1114112K
  class space    used 4508K, committed 4672K, reserved 1048576K
}
Event: 94939.536 GC heap before
{Heap before GC invocations=2040 (full 1546):
 garbage-first heap   total 45056K, used 35847K [0x00000000c0000000, 0x0000000100000000)
  region size 1024K, 22 young (22528K), 1 survivors (1024K)
 Metaspace       used 34624K, committed 35008K, reserved 1114112K
  class space    used 4508K, committed 4672K, reserved 1048576K
}
Event: 94939.536 GC heap after
{Heap after GC invocations=2041 (full 1546):
 garbage-first heap   total 45056K, used 14341K [0x00000000c0000000, 0x0000000100000000)
  region size 1024K, 1 young (1024K), 1 survivors (1024K)
 Metaspace       used 34624K, committed 35008K, reserved 1114112K
  class space    used 4508K, committed 4672K, reserved 1048576K
}
Event: 94961.298 GC heap before
{Heap before GC invocations=2041 (full 1546):
 garbage-first heap   total 45056K, used 35845K [0x00000000c0000000, 0x0000000100000000)
  region size 1024K, 22 young (22528K), 1 survivors (1024K)
 Metaspace       used 34624K, committed 35008K, reserved 1114112K
  class space    used 4508K, committed 4672K, reserved 1048576K
}
Event: 94961.299 GC heap after
{Heap after GC invocations=2042 (full 1546):
 garbage-first heap   total 45056K, used 14343K [0x00000000c0000000, 0x0000000100000000)
  region size 1024K, 1 young (1024K), 1 survivors (1024K)
 Metaspace       used 34624K, committed 35008K, reserved 1114112K
  class space    used 4508K, committed 4672K, reserved 1048576K
}
Event: 94983.645 GC heap before
{Heap before GC invocations=2042 (full 1546):
 garbage-first heap   total 45056K, used 35847K [0x00000000c0000000, 0x0000000100000000)
  region size 1024K, 22 young (22528K), 1 survivors (1024K)
 Metaspace       used 34624K, committed 35008K, reserved 1114112K
  class space    used 4508K, committed 4672K, reserved 1048576K
}
Event: 94983.646 GC heap after
{Heap after GC invocations=2043 (full 1546):
 garbage-first heap   total 45056K, used 14339K [0x00000000c0000000, 0x0000000100000000)
  region size 1024K, 1 young (1024K), 1 survivors (1024K)
 Metaspace       used 34624K, committed 35008K, reserved 1114112K
  class space    used 4508K, committed 4672K, reserved 1048576K
}
Event: 95006.508 GC heap before
{Heap before GC invocations=2043 (full 1546):
 garbage-first heap   total 45056K, used 35843K [0x00000000c0000000, 0x0000000100000000)
  region size 1024K, 22 young (22528K), 1 survivors (1024K)
 Metaspace       used 34624K, committed 35008K, reserved 1114112K
  class space    used 4508K, committed 4672K, reserved 1048576K
}
Event: 95006.508 GC heap after
{Heap after GC invocations=2044 (full 1546):
 garbage-first heap   total 45056K, used 14341K [0x00000000c0000000, 0x0000000100000000)
  region size 1024K, 1 young (1024K), 1 survivors (1024K)
 Metaspace       used 34624K, committed 35008K, reserved 1114112K
  class space    used 4508K, committed 4672K, reserved 1048576K
}
Event: 95029.860 GC heap before
{Heap before GC invocations=2044 (full 1546):
 garbage-first heap   total 45056K, used 35845K [0x00000000c0000000, 0x0000000100000000)
  region size 1024K, 22 young (22528K), 1 survivors (1024K)
 Metaspace       used 34624K, committed 35008K, reserved 1114112K
  class space    used 4508K, committed 4672K, reserved 1048576K
}
Event: 95029.861 GC heap after
{Heap after GC invocations=2045 (full 1546):
 garbage-first heap   total 45056K, used 14344K [0x00000000c0000000, 0x0000000100000000)
  region size 1024K, 1 young (1024K), 1 survivors (1024K)
 Metaspace       used 34624K, committed 35008K, reserved 1114112K
  class space    used 4508K, committed 4672K, reserved 1048576K
}
Event: 95053.686 GC heap before
{Heap before GC invocations=2045 (full 1546):
 garbage-first heap   total 45056K, used 35848K [0x00000000c0000000, 0x0000000100000000)
  region size 1024K, 22 young (22528K), 1 survivors (1024K)
 Metaspace       used 34624K, committed 35008K, reserved 1114112K
  class space    used 4508K, committed 4672K, reserved 1048576K
}
Event: 95053.686 GC heap after
{Heap after GC invocations=2046 (full 1546):
 garbage-first heap   total 45056K, used 14341K [0x00000000c0000000, 0x0000000100000000)
  region size 1024K, 1 young (1024K), 1 survivors (1024K)
 Metaspace       used 34624K, committed 35008K, reserved 1114112K
  class space    used 4508K, committed 4672K, reserved 1048576K
}
Event: 95077.206 GC heap before
{Heap before GC invocations=2046 (full 1546):
 garbage-first heap   total 45056K, used 35845K [0x00000000c0000000, 0x0000000100000000)
  region size 1024K, 22 young (22528K), 1 survivors (1024K)
 Metaspace       used 34624K, committed 35008K, reserved 1114112K
  class space    used 4508K, committed 4672K, reserved 1048576K
}
Event: 95077.206 GC heap after
{Heap after GC invocations=2047 (full 1546):
 garbage-first heap   total 45056K, used 14344K [0x00000000c0000000, 0x0000000100000000)
  region size 1024K, 1 young (1024K), 1 survivors (1024K)
 Metaspace       used 34624K, committed 35008K, reserved 1114112K
  class space    used 4508K, committed 4672K, reserved 1048576K
}
Event: 95101.673 GC heap before
{Heap before GC invocations=2047 (full 1546):
 garbage-first heap   total 45056K, used 35848K [0x00000000c0000000, 0x0000000100000000)
  region size 1024K, 22 young (22528K), 1 survivors (1024K)
 Metaspace       used 34624K, committed 35008K, reserved 1114112K
  class space    used 4508K, committed 4672K, reserved 1048576K
}
Event: 95101.673 GC heap after
{Heap after GC invocations=2048 (full 1546):
 garbage-first heap   total 45056K, used 14344K [0x00000000c0000000, 0x0000000100000000)
  region size 1024K, 1 young (1024K), 1 survivors (1024K)
 Metaspace       used 34624K, committed 35008K, reserved 1114112K
  class space    used 4508K, committed 4672K, reserved 1048576K
}

Dll operation events (7 events):
Event: 0.022 Loaded shared library c:\Users\56946\.vscode\extensions\redhat.java-1.18.0-win32-x64\jre\17.0.7-win32-x86_64\bin\java.dll
Event: 0.269 Loaded shared library C:\Users\56946\.vscode\extensions\redhat.java-1.18.0-win32-x64\jre\17.0.7-win32-x86_64\bin\net.dll
Event: 0.272 Loaded shared library C:\Users\56946\.vscode\extensions\redhat.java-1.18.0-win32-x64\jre\17.0.7-win32-x86_64\bin\nio.dll
Event: 0.636 Loaded shared library C:\Users\56946\.vscode\extensions\redhat.java-1.18.0-win32-x64\jre\17.0.7-win32-x86_64\bin\zip.dll
Event: 5.549 Loaded shared library C:\Users\56946\.vscode\extensions\redhat.java-1.18.0-win32-x64\jre\17.0.7-win32-x86_64\bin\jimage.dll
Event: 11.361 Loaded shared library C:\Users\56946\.vscode\extensions\redhat.java-1.18.0-win32-x64\jre\17.0.7-win32-x86_64\bin\management.dll
Event: 11.365 Loaded shared library C:\Users\56946\.vscode\extensions\redhat.java-1.18.0-win32-x64\jre\17.0.7-win32-x86_64\bin\management_ext.dll

Deoptimization events (8 events):
Event: 7.515 Thread 0x00000233290f2930 DEOPT PACKING pc=0x000002332db1ad19 sp=0x000000e0227fd510
Event: 7.515 Thread 0x00000233290f2930 DEOPT UNPACKING pc=0x000002332d5e7143 sp=0x000000e0227fc9f0 mode 3
Event: 11.681 Thread 0x000002333ac7b500 DEOPT PACKING pc=0x000002332dd36c35 sp=0x000000e0249fd000
Event: 11.681 Thread 0x000002333ac7b500 DEOPT UNPACKING pc=0x000002332d5e7143 sp=0x000000e0249fc528 mode 3
Event: 53495.177 Thread 0x000002333a1d7470 DEOPT PACKING pc=0x000002332dba7754 sp=0x000000e0248ff220
Event: 53495.177 Thread 0x000002333a1d7470 DEOPT UNPACKING pc=0x000002332d5e7143 sp=0x000000e0248fe6c8 mode 0
Event: 72760.822 Thread 0x000002333a83d7c0 DEOPT PACKING pc=0x000002332db1d881 sp=0x000000e0224fea50
Event: 72760.822 Thread 0x000002333a83d7c0 DEOPT UNPACKING pc=0x000002332d5e7143 sp=0x000000e0224fdee0 mode 3

Classes unloaded (20 events):
Event: 61.810 Thread 0x000002333a0268e0 Unloading class 0x0000000100090c00 'java/lang/invoke/LambdaForm$MH+0x0000000100090c00'
Event: 61.810 Thread 0x000002333a0268e0 Unloading class 0x0000000100090800 'java/lang/invoke/LambdaForm$MH+0x0000000100090800'
Event: 61.810 Thread 0x000002333a0268e0 Unloading class 0x0000000100090400 'java/lang/invoke/LambdaForm$MH+0x0000000100090400'
Event: 61.810 Thread 0x000002333a0268e0 Unloading class 0x0000000100090000 'java/lang/invoke/LambdaForm$MH+0x0000000100090000'
Event: 61.810 Thread 0x000002333a0268e0 Unloading class 0x000000010008b800 'java/lang/invoke/LambdaForm$MH+0x000000010008b800'
Event: 61.810 Thread 0x000002333a0268e0 Unloading class 0x000000010008b400 'java/lang/invoke/LambdaForm$MH+0x000000010008b400'
Event: 61.810 Thread 0x000002333a0268e0 Unloading class 0x000000010008b000 'java/lang/invoke/LambdaForm$MH+0x000000010008b000'
Event: 61.810 Thread 0x000002333a0268e0 Unloading class 0x000000010008ac00 'java/lang/invoke/LambdaForm$MH+0x000000010008ac00'
Event: 61.810 Thread 0x000002333a0268e0 Unloading class 0x000000010008a800 'java/lang/invoke/LambdaForm$MH+0x000000010008a800'
Event: 61.810 Thread 0x000002333a0268e0 Unloading class 0x000000010008a400 'java/lang/invoke/LambdaForm$MH+0x000000010008a400'
Event: 61.810 Thread 0x000002333a0268e0 Unloading class 0x0000000100089c00 'java/lang/invoke/LambdaForm$MH+0x0000000100089c00'
Event: 61.810 Thread 0x000002333a0268e0 Unloading class 0x0000000100089400 'java/lang/invoke/LambdaForm$MH+0x0000000100089400'
Event: 61.810 Thread 0x000002333a0268e0 Unloading class 0x0000000100088c00 'java/lang/invoke/LambdaForm$MH+0x0000000100088c00'
Event: 61.810 Thread 0x000002333a0268e0 Unloading class 0x0000000100088400 'java/lang/invoke/LambdaForm$MH+0x0000000100088400'
Event: 54876.265 Thread 0x000002333a0268e0 Unloading class 0x000000010039c400 'java/lang/invoke/LambdaForm$MH+0x000000010039c400'
Event: 54876.265 Thread 0x000002333a0268e0 Unloading class 0x000000010039e000 'java/lang/invoke/LambdaForm$MH+0x000000010039e000'
Event: 54876.265 Thread 0x000002333a0268e0 Unloading class 0x00000001004a9800 'java/lang/invoke/LambdaForm$MH+0x00000001004a9800'
Event: 77503.379 Thread 0x000002333a0268e0 Unloading class 0x000000010035e400 'java/lang/invoke/LambdaForm$MH+0x000000010035e400'
Event: 77503.379 Thread 0x000002333a0268e0 Unloading class 0x00000001004a9800 'java/lang/invoke/LambdaForm$MH+0x00000001004a9800'
Event: 77503.379 Thread 0x000002333a0268e0 Unloading class 0x000000010039c400 'java/lang/invoke/LambdaForm$MH+0x000000010039c400'

Classes redefined (0 events):
No events

Internal exceptions (20 events):
Event: 8.664 Thread 0x00000233290f2930 Exception <a 'java/lang/NoSuchMethodError'{0x00000000c24ade20}: 'int java.lang.invoke.Invokers$Holder.linkToTargetMethod(java.lang.Object, java.lang.Object)'> (0x00000000c24ade20) 
thrown [s\src\hotspot\share\interpreter\linkResolver.cpp, line 759]
Event: 8.679 Thread 0x00000233290f2930 Exception <a 'java/lang/NoSuchMethodError'{0x00000000c2379070}: 'java.lang.Object java.lang.invoke.DirectMethodHandle$Holder.invokeSpecial(java.lang.Object, java.lang.Object, java.lang.Object, java.lang.Object, java.lang.Object, java.lang.Object, java.lang.Object, java.lang.Object, java.lang.Object, java.lang.Object)'> (0x00000000c2379070) 
thrown [s\src\hotspot\share\interpreter\linkResolver.cpp, line 759]
Event: 8.679 Thread 0x00000233290f2930 Exception <a 'java/lang/NoSuchMethodError'{0x00000000c237d658}: 'java.lang.Object java.lang.invoke.Invokers$Holder.invoke_MT(java.lang.Object, java.lang.Object, java.lang.Object, java.lang.Object, java.lang.Object, java.lang.Object, java.lang.Object, java.lang.Object, java.lang.Object, java.lang.Object)'> (0x00000000c237d658) 
thrown [s\src\hotspot\share\interpreter\linkResolver.cpp, line 759]
Event: 8.685 Thread 0x00000233290f2930 Exception <a 'java/lang/NoSuchMethodError'{0x00000000c23c1e08}: 'java.lang.Object java.lang.invoke.DirectMethodHandle$Holder.invokeSpecial(java.lang.Object, java.lang.Object, int, java.lang.Object, java.lang.Object)'> (0x00000000c23c1e08) 
thrown [s\src\hotspot\share\interpreter\linkResolver.cpp, line 759]
Event: 8.686 Thread 0x00000233290f2930 Exception <a 'java/lang/NoSuchMethodError'{0x00000000c23c5ab0}: 'java.lang.Object java.lang.invoke.DelegatingMethodHandle$Holder.delegate(java.lang.Object, int, java.lang.Object, java.lang.Object)'> (0x00000000c23c5ab0) 
thrown [s\src\hotspot\share\interpreter\linkResolver.cpp, line 759]
Event: 8.687 Thread 0x00000233290f2930 Exception <a 'java/lang/NoSuchMethodError'{0x00000000c23d6938}: 'int java.lang.invoke.Invokers$Holder.linkToTargetMethod(java.lang.Object, java.lang.Object, java.lang.Object)'> (0x00000000c23d6938) 
thrown [s\src\hotspot\share\interpreter\linkResolver.cpp, line 759]
Event: 8.753 Thread 0x00000233290f2930 Exception <a 'java/lang/NoSuchMethodError'{0x00000000c202d0d8}: 'void java.lang.invoke.DirectMethodHandle$Holder.invokeSpecial(java.lang.Object, java.lang.Object, java.lang.Object, java.lang.Object, java.lang.Object, java.lang.Object)'> (0x00000000c202d0d8) 
thrown [s\src\hotspot\share\interpreter\linkResolver.cpp, line 759]
Event: 8.790 Thread 0x00000233290f2930 Exception <a 'java/lang/NoSuchMethodError'{0x00000000c1fc74c8}: 'java.lang.Object java.lang.invoke.DirectMethodHandle$Holder.invokeStaticInit(java.lang.Object, int, int, int, int)'> (0x00000000c1fc74c8) 
thrown [s\src\hotspot\share\interpreter\linkResolver.cpp, line 759]
Event: 8.871 Thread 0x00000233290f2930 Exception <a 'java/lang/NoSuchMethodError'{0x00000000c1e63428}: 'java.lang.Object java.lang.invoke.DirectMethodHandle$Holder.invokeStaticInit(java.lang.Object, java.lang.Object, int, int, int, int)'> (0x00000000c1e63428) 
thrown [s\src\hotspot\share\interpreter\linkResolver.cpp, line 759]
Event: 9.132 Thread 0x00000233290f2930 Exception <a 'java/lang/NoSuchMethodError'{0x00000000d07d4bc0}: 'void java.lang.invoke.DirectMethodHandle$Holder.invokeSpecialIFC(java.lang.Object, java.lang.Object, java.lang.Object)'> (0x00000000d07d4bc0) 
thrown [s\src\hotspot\share\interpreter\linkResolver.cpp, line 759]
Event: 11.038 Thread 0x00000233290f2930 Exception <a 'java/lang/NoSuchMethodError'{0x00000000c223e950}: 'java.lang.Object java.lang.invoke.DirectMethodHandle$Holder.invokeInterface(java.lang.Object, java.lang.Object, int)'> (0x00000000c223e950) 
thrown [s\src\hotspot\share\interpreter\linkResolver.cpp, line 759]
Event: 11.040 Thread 0x00000233290f2930 Exception <a 'java/lang/IncompatibleClassChangeError'{0x00000000c22523a0}: Found class java.lang.Object, but interface was expected> (0x00000000c22523a0) 
thrown [s\src\hotspot\share\interpreter\linkResolver.cpp, line 826]
Event: 11.350 Thread 0x00000233290f2930 Exception <a 'java/lang/NoSuchMethodError'{0x00000000c1e48ce8}: 'java.lang.Object java.lang.invoke.DirectMethodHandle$Holder.newInvokeSpecial(java.lang.Object, java.lang.Object, int, java.lang.Object, java.lang.Object)'> (0x00000000c1e48ce8) 
thrown [s\src\hotspot\share\interpreter\linkResolver.cpp, line 759]
Event: 11.351 Thread 0x00000233290f2930 Exception <a 'java/lang/NoSuchMethodError'{0x00000000c1e5a9b0}: 'java.lang.Object java.lang.invoke.DirectMethodHandle$Holder.invokeSpecial(java.lang.Object, java.lang.Object, int, java.lang.Object, int, java.lang.Object)'> (0x00000000c1e5a9b0) 
thrown [s\src\hotspot\share\interpreter\linkResolver.cpp, line 759]
Event: 11.352 Thread 0x00000233290f2930 Exception <a 'java/lang/NoSuchMethodError'{0x00000000c1e627b8}: 'java.lang.Object java.lang.invoke.DirectMethodHandle$Holder.newInvokeSpecial(java.lang.Object, java.lang.Object, int, java.lang.Object, int)'> (0x00000000c1e627b8) 
thrown [s\src\hotspot\share\interpreter\linkResolver.cpp, line 759]
Event: 11.352 Thread 0x00000233290f2930 Exception <a 'java/lang/NoSuchMethodError'{0x00000000c1e668b8}: 'java.lang.Object java.lang.invoke.DirectMethodHandle$Holder.invokeSpecial(java.lang.Object, java.lang.Object, java.lang.Object, int, java.lang.Object, int)'> (0x00000000c1e668b8) 
thrown [s\src\hotspot\share\interpreter\linkResolver.cpp, line 759]
Event: 11.676 Thread 0x000002333a1d7470 Exception <a 'java/lang/NoSuchMethodError'{0x00000000c2498050}: 'java.lang.Object java.lang.invoke.DirectMethodHandle$Holder.invokeStatic(java.lang.Object, java.lang.Object, java.lang.Object, int, java.lang.Object, java.lang.Object)'> (0x00000000c2498050) 
thrown [s\src\hotspot\share\interpreter\linkResolver.cpp, line 759]
Event: 11.677 Thread 0x000002333ac7b500 Exception <a 'java/lang/NoSuchMethodError'{0x00000000c24a59b8}: 'java.lang.Object java.lang.invoke.DirectMethodHandle$Holder.invokeStatic(java.lang.Object, int, java.lang.Object)'> (0x00000000c24a59b8) 
thrown [s\src\hotspot\share\interpreter\linkResolver.cpp, line 759]
Event: 51.389 Thread 0x000002333b8e0020 Exception <a 'java/lang/NoSuchMethodError'{0x00000000c2267d68}: 'void java.lang.invoke.DirectMethodHandle$Holder.invokeStatic(java.lang.Object, long)'> (0x00000000c2267d68) 
thrown [s\src\hotspot\share\interpreter\linkResolver.cpp, line 759]
Event: 51.390 Thread 0x000002333b8e0020 Exception <a 'java/lang/NoSuchMethodError'{0x00000000c226d130}: 'java.lang.Object java.lang.invoke.DirectMethodHandle$Holder.newInvokeSpecial(java.lang.Object, long)'> (0x00000000c226d130) 
thrown [s\src\hotspot\share\interpreter\linkResolver.cpp, line 759]

VM Operations (20 events):
Event: 94899.823 Executing VM operation: G1CollectForAllocation done
Event: 94919.050 Executing VM operation: G1CollectForAllocation
Event: 94919.050 Executing VM operation: G1CollectForAllocation done
Event: 94939.535 Executing VM operation: G1CollectForAllocation
Event: 94939.536 Executing VM operation: G1CollectForAllocation done
Event: 94961.298 Executing VM operation: G1CollectForAllocation
Event: 94961.299 Executing VM operation: G1CollectForAllocation done
Event: 94983.645 Executing VM operation: G1CollectForAllocation
Event: 94983.646 Executing VM operation: G1CollectForAllocation done
Event: 95006.508 Executing VM operation: G1CollectForAllocation
Event: 95006.509 Executing VM operation: G1CollectForAllocation done
Event: 95029.860 Executing VM operation: G1CollectForAllocation
Event: 95029.861 Executing VM operation: G1CollectForAllocation done
Event: 95053.686 Executing VM operation: G1CollectForAllocation
Event: 95053.686 Executing VM operation: G1CollectForAllocation done
Event: 95077.206 Executing VM operation: G1CollectForAllocation
Event: 95077.206 Executing VM operation: G1CollectForAllocation done
Event: 95101.673 Executing VM operation: G1CollectForAllocation
Event: 95101.673 Executing VM operation: G1CollectForAllocation done
Event: 95135.251 Executing VM operation: G1CollectFull

Events (20 events):
Event: 93697.834 Thread 0x000002333ac4f340 Thread exited: 0x000002333ac4f340
Event: 93697.834 Thread 0x000002333ac514f0 Thread exited: 0x000002333ac514f0
Event: 93697.834 Thread 0x000002333ac52d00 Thread exited: 0x000002333ac52d00
Event: 93697.834 Thread 0x000002333ac501b0 Thread exited: 0x000002333ac501b0
Event: 93764.710 Thread 0x000002333ac50680 Thread exited: 0x000002333ac50680
Event: 93790.686 Thread 0x000002333ac514f0 Thread added: 0x000002333ac514f0
Event: 93834.453 Thread 0x000002333ac54eb0 Thread added: 0x000002333ac54eb0
Event: 93894.465 Thread 0x000002333ac519c0 Thread exited: 0x000002333ac519c0
Event: 93907.689 Thread 0x000002333ac4fce0 Thread exited: 0x000002333ac4fce0
Event: 94010.044 Thread 0x000002333ac519c0 Thread added: 0x000002333ac519c0
Event: 94127.544 Thread 0x000002333ac4f810 Thread exited: 0x000002333ac4f810
Event: 94151.861 Thread 0x000002333ac4ee70 Thread added: 0x000002333ac4ee70
Event: 94261.406 Thread 0x000002333ac519c0 Thread exited: 0x000002333ac519c0
Event: 94380.218 Thread 0x000002333ac52830 Thread added: 0x000002333ac52830
Event: 94498.719 Thread 0x000002333ac514f0 Thread exited: 0x000002333ac514f0
Event: 94732.801 Thread 0x000002333ac52360 Thread added: 0x000002333ac52360
Event: 94792.807 Thread 0x000002333ac54eb0 Thread exited: 0x000002333ac54eb0
Event: 94949.600 Thread 0x000002333ac4e4d0 Thread added: 0x000002333ac4e4d0
Event: 95055.878 Thread 0x000002333ac4ee70 Thread exited: 0x000002333ac4ee70
Event: 95068.044 Thread 0x000002333ac4e4d0 Thread exited: 0x000002333ac4e4d0


Dynamic libraries:
0x00007ff6d4540000 - 0x00007ff6d454e000 	c:\Users\56946\.vscode\extensions\redhat.java-1.18.0-win32-x64\jre\17.0.7-win32-x86_64\bin\java.exe
0x00007ffdc9550000 - 0x00007ffdc9764000 	C:\WINDOWS\SYSTEM32\ntdll.dll
0x00007ffdc7cd0000 - 0x00007ffdc7d92000 	C:\WINDOWS\System32\KERNEL32.DLL
0x00007ffdc6bb0000 - 0x00007ffdc6f53000 	C:\WINDOWS\System32\KERNELBASE.dll
0x00007ffdc7000000 - 0x00007ffdc7111000 	C:\WINDOWS\System32\ucrtbase.dll
0x00007ffdb1790000 - 0x00007ffdb17a9000 	c:\Users\56946\.vscode\extensions\redhat.java-1.18.0-win32-x64\jre\17.0.7-win32-x86_64\bin\VCRUNTIME140.dll
0x00007ffdb1220000 - 0x00007ffdb1237000 	c:\Users\56946\.vscode\extensions\redhat.java-1.18.0-win32-x64\jre\17.0.7-win32-x86_64\bin\jli.dll
0x00007ffdc7f50000 - 0x00007ffdc80fb000 	C:\WINDOWS\System32\USER32.dll
0x00007ffdc6b80000 - 0x00007ffdc6ba6000 	C:\WINDOWS\System32\win32u.dll
0x00007ffdb46c0000 - 0x00007ffdb494e000 	C:\WINDOWS\WinSxS\amd64_microsoft.windows.common-controls_6595b64144ccf1df_6.0.22621.1635_none_270f70857386168e\COMCTL32.dll
0x00007ffdc7ed0000 - 0x00007ffdc7ef9000 	C:\WINDOWS\System32\GDI32.dll
0x00007ffdc76d0000 - 0x00007ffdc7777000 	C:\WINDOWS\System32\msvcrt.dll
0x00007ffdc6970000 - 0x00007ffdc6a88000 	C:\WINDOWS\System32\gdi32full.dll
0x00007ffdc6f60000 - 0x00007ffdc6ffa000 	C:\WINDOWS\System32\msvcp_win.dll
0x00007ffdc7da0000 - 0x00007ffdc7dd1000 	C:\WINDOWS\System32\IMM32.DLL
0x00007ffdb2080000 - 0x00007ffdb208c000 	c:\Users\56946\.vscode\extensions\redhat.java-1.18.0-win32-x64\jre\17.0.7-win32-x86_64\bin\vcruntime140_1.dll
0x00007ffd76e50000 - 0x00007ffd76ee1000 	c:\Users\56946\.vscode\extensions\redhat.java-1.18.0-win32-x64\jre\17.0.7-win32-x86_64\bin\msvcp140.dll
0x00007ffd74b10000 - 0x00007ffd75758000 	c:\Users\56946\.vscode\extensions\redhat.java-1.18.0-win32-x64\jre\17.0.7-win32-x86_64\bin\server\jvm.dll
0x00007ffdc8690000 - 0x00007ffdc873e000 	C:\WINDOWS\System32\ADVAPI32.dll
0x00007ffdc85e0000 - 0x00007ffdc8684000 	C:\WINDOWS\System32\sechost.dll
0x00007ffdc7360000 - 0x00007ffdc7477000 	C:\WINDOWS\System32\RPCRT4.dll
0x00007ffdc2060000 - 0x00007ffdc2069000 	C:\WINDOWS\SYSTEM32\WSOCK32.dll
0x00007ffdbf5d0000 - 0x00007ffdbf604000 	C:\WINDOWS\SYSTEM32\WINMM.dll
0x00007ffdbfb40000 - 0x00007ffdbfb4a000 	C:\WINDOWS\SYSTEM32\VERSION.dll
0x00007ffdc8c90000 - 0x00007ffdc8d01000 	C:\WINDOWS\System32\WS2_32.dll
0x00007ffdc5970000 - 0x00007ffdc5988000 	C:\WINDOWS\SYSTEM32\kernel.appcore.dll
0x00007ffdb1420000 - 0x00007ffdb142a000 	c:\Users\56946\.vscode\extensions\redhat.java-1.18.0-win32-x64\jre\17.0.7-win32-x86_64\bin\jimage.dll
0x00007ffdbc7c0000 - 0x00007ffdbc9ee000 	C:\WINDOWS\SYSTEM32\DBGHELP.DLL
0x00007ffdc7940000 - 0x00007ffdc7cc9000 	C:\WINDOWS\System32\combase.dll
0x00007ffdc8500000 - 0x00007ffdc85d7000 	C:\WINDOWS\System32\OLEAUT32.dll
0x00007ffdac650000 - 0x00007ffdac682000 	C:\WINDOWS\SYSTEM32\dbgcore.DLL
0x00007ffdc6a90000 - 0x00007ffdc6b0b000 	C:\WINDOWS\System32\bcryptPrimitives.dll
0x00007ffda3f20000 - 0x00007ffda3f45000 	c:\Users\56946\.vscode\extensions\redhat.java-1.18.0-win32-x64\jre\17.0.7-win32-x86_64\bin\java.dll
0x00007ffdab9f0000 - 0x00007ffdaba08000 	c:\Users\56946\.vscode\extensions\redhat.java-1.18.0-win32-x64\jre\17.0.7-win32-x86_64\bin\zip.dll
0x00007ffdc8d10000 - 0x00007ffdc950a000 	C:\WINDOWS\System32\SHELL32.dll
0x00007ffdc4970000 - 0x00007ffdc523e000 	C:\WINDOWS\SYSTEM32\windows.storage.dll
0x00007ffdc4830000 - 0x00007ffdc496e000 	C:\WINDOWS\SYSTEM32\wintypes.dll
0x00007ffdc8200000 - 0x00007ffdc82f1000 	C:\WINDOWS\System32\SHCORE.dll
0x00007ffdc84a0000 - 0x00007ffdc84fe000 	C:\WINDOWS\System32\shlwapi.dll
0x00007ffdc68a0000 - 0x00007ffdc68c1000 	C:\WINDOWS\SYSTEM32\profapi.dll
0x00007ffda7ba0000 - 0x00007ffda7bb9000 	C:\Users\56946\.vscode\extensions\redhat.java-1.18.0-win32-x64\jre\17.0.7-win32-x86_64\bin\net.dll
0x00007ffdbfa00000 - 0x00007ffdbfb37000 	C:\WINDOWS\SYSTEM32\WINHTTP.dll
0x00007ffdc5e30000 - 0x00007ffdc5e99000 	C:\WINDOWS\system32\mswsock.dll
0x00007ffda6f70000 - 0x00007ffda6f85000 	C:\Users\56946\.vscode\extensions\redhat.java-1.18.0-win32-x64\jre\17.0.7-win32-x86_64\bin\nio.dll
0x00007ffdc6090000 - 0x00007ffdc60ab000 	C:\WINDOWS\SYSTEM32\CRYPTSP.dll
0x00007ffdc5930000 - 0x00007ffdc5965000 	C:\WINDOWS\system32\rsaenh.dll
0x00007ffdc5f30000 - 0x00007ffdc5f58000 	C:\WINDOWS\SYSTEM32\USERENV.dll
0x00007ffdc6250000 - 0x00007ffdc6278000 	C:\WINDOWS\SYSTEM32\bcrypt.dll
0x00007ffdc60b0000 - 0x00007ffdc60bc000 	C:\WINDOWS\SYSTEM32\CRYPTBASE.dll
0x00007ffdc54a0000 - 0x00007ffdc54cd000 	C:\WINDOWS\SYSTEM32\IPHLPAPI.DLL
0x00007ffdc7ec0000 - 0x00007ffdc7ec9000 	C:\WINDOWS\System32\NSI.dll
0x00007ffdbfbc0000 - 0x00007ffdbfbd9000 	C:\WINDOWS\SYSTEM32\dhcpcsvc6.DLL
0x00007ffdbf850000 - 0x00007ffdbf86f000 	C:\WINDOWS\SYSTEM32\dhcpcsvc.DLL
0x00007ffdc5510000 - 0x00007ffdc5603000 	C:\WINDOWS\SYSTEM32\DNSAPI.dll
0x00007ffdb1260000 - 0x00007ffdb1269000 	C:\Users\56946\.vscode\extensions\redhat.java-1.18.0-win32-x64\jre\17.0.7-win32-x86_64\bin\management.dll
0x00007ffdab960000 - 0x00007ffdab96b000 	C:\Users\56946\.vscode\extensions\redhat.java-1.18.0-win32-x64\jre\17.0.7-win32-x86_64\bin\management_ext.dll
0x00007ffdc7350000 - 0x00007ffdc7358000 	C:\WINDOWS\System32\PSAPI.DLL

dbghelp: loaded successfully - version: 4.0.5 - missing functions: none
symbol engine: initialized successfully - sym options: 0x614 - pdb path: .;c:\Users\56946\.vscode\extensions\redhat.java-1.18.0-win32-x64\jre\17.0.7-win32-x86_64\bin;C:\WINDOWS\SYSTEM32;C:\WINDOWS\WinSxS\amd64_microsoft.windows.common-controls_6595b64144ccf1df_6.0.22621.1635_none_270f70857386168e;c:\Users\56946\.vscode\extensions\redhat.java-1.18.0-win32-x64\jre\17.0.7-win32-x86_64\bin\server

VM Arguments:
jvm_args: -XX:+HeapDumpOnOutOfMemoryError -Xmx1024m -Dsts.lsp.client=vscode -Dsts.log.file=/dev/null -XX:TieredStopAtLevel=1 -Xlog:jni+resolve=off -Dspring.config.location=file:c:\Users\56946\.vscode\extensions\vmware.vscode-spring-boot-1.46.0\language-server\BOOT-INF\classes\application.properties 
java_command: org.springframework.ide.vscode.boot.app.BootLanguageServerBootApp
java_class_path (initial): c:\Users\56946\.vscode\extensions\vmware.vscode-spring-boot-1.46.0\language-server\BOOT-INF\classes;c:\Users\56946\.vscode\extensions\vmware.vscode-spring-boot-1.46.0\language-server\BOOT-INF\lib\annotations-24.0.1.jar;c:\Users\56946\.vscode\extensions\vmware.vscode-spring-boot-1.46.0\language-server\BOOT-INF\lib\antlr-runtime-3.5.3.jar;c:\Users\56946\.vscode\extensions\vmware.vscode-spring-boot-1.46.0\language-server\BOOT-INF\lib\antlr4-4.11.1.jar;c:\Users\56946\.vscode\extensions\vmware.vscode-spring-boot-1.46.0\language-server\BOOT-INF\lib\antlr4-runtime-4.11.1.jar;c:\Users\56946\.vscode\extensions\vmware.vscode-spring-boot-1.46.0\language-server\BOOT-INF\lib\asm-9.5.jar;c:\Users\56946\.vscode\extensions\vmware.vscode-spring-boot-1.46.0\language-server\BOOT-INF\lib\asm-analysis-9.5.jar;c:\Users\56946\.vscode\extensions\vmware.vscode-spring-boot-1.46.0\language-server\BOOT-INF\lib\asm-tree-9.5.jar;c:\Users\56946\.vscode\extensions\vmware.vscode-spring-boot-1.46.0\language-server\BOOT-INF\lib\asm-util-9.5.jar;c:\Users\56946\.vscode\extensions\vmware.vscode-spring-boot-1.46.0\language-server\BOOT-INF\lib\caffeine-3.1.2.jar;c:\Users\56946\.vscode\extensions\vmware.vscode-spring-boot-1.46.0\language-server\BOOT-INF\lib\checker-qual-3.12.0.jar;c:\Users\56946\.vscode\extensions\vmware.vscode-spring-boot-1.46.0\language-server\BOOT-INF\lib\classgraph-4.8.149.jar;c:\Users\56946\.vscode\extensions\vmware.vscode-spring-boot-1.46.0\language-server\BOOT-INF\lib\commons-codec-1.15.jar;c:\Users\56946\.vscode\extensions\vmware.vscode-spring-boot-1.46.0\language-server\BOOT-INF\lib\commons-compress-1.23.0.jar;c:\Users\56946\.vscode\extensions\vmware.vscode-spring-boot-1.46.0\language-server\BOOT-INF\lib\commons-io-2.4.jar;c:\Users\56946\.vscode\extensions\vmware.vscode-spring-boot-1.46.0\language-server\BOOT-INF\lib\commons-java-1.46.0-SNAPSHOT.jar;c:\Users\56946\.vscode\extensions\vmware.vscode-spring-boot-1.46.0\language-server\BOOT-INF\lib\commons-
Launcher Type: SUN_STANDARD

[Global flags]
     intx CICompilerCount                          = 4                                         {product} {ergonomic}
     uint ConcGCThreads                            = 2                                         {product} {ergonomic}
     uint G1ConcRefinementThreads                  = 8                                         {product} {ergonomic}
   size_t G1HeapRegionSize                         = 1048576                                   {product} {ergonomic}
    uintx GCDrainStackTargetSize                   = 64                                        {product} {ergonomic}
     bool HeapDumpOnOutOfMemoryError               = true                                   {manageable} {command line}
   size_t InitialHeapSize                          = 301989888                                 {product} {ergonomic}
   size_t MarkStackSize                            = 4194304                                   {product} {ergonomic}
   size_t MaxHeapSize                              = 1073741824                                {product} {command line}
   size_t MaxNewSize                               = 643825664                                 {product} {ergonomic}
   size_t MinHeapDeltaBytes                        = 1048576                                   {product} {ergonomic}
   size_t MinHeapSize                              = 8388608                                   {product} {ergonomic}
    uintx NonProfiledCodeHeapSize                  = 0                                      {pd product} {ergonomic}
     bool ProfileInterpreter                       = false                                  {pd product} {command line}
    uintx ProfiledCodeHeapSize                     = 0                                      {pd product} {ergonomic}
   size_t SoftMaxHeapSize                          = 1073741824                             {manageable} {ergonomic}
     intx TieredStopAtLevel                        = 1                                         {product} {command line}
     bool UseCompressedClassPointers               = true                           {product lp64_product} {ergonomic}
     bool UseCompressedOops                        = true                           {product lp64_product} {ergonomic}
     bool UseG1GC                                  = true                                      {product} {ergonomic}
     bool UseLargePagesIndividualAllocation        = false                                  {pd product} {ergonomic}

Logging:
Log output configuration:
 #0: stdout all=warning,jni+resolve=off uptime,level,tags
 #1: stderr all=off uptime,level,tags

Environment Variables:
JAVA_HOME=C:\Program Files\Java\jdk1.8.0_111
PATH=C:\Program Files\Eclipse Adoptium\jdk-17.0.7.7-hotspot\bin;C:\Program Files\Eclipse Adoptium\jdk-8.0.352.8-hotspot\bin;C:\ProgramData\Oracle\Java\javapath;C:\Program Files\Common Files\Oracle\Java\javapath;C:\Program Files (x86)\Common Files\Oracle\Java\javapath;C:\WINDOWS\system32;C:\WINDOWS;C:\WINDOWS\System32\Wbem;C:\WINDOWS\System32\WindowsPowerShell\v1.0\;C:\WINDOWS\System32\OpenSSH\;C:\Program Files (x86)\Yarn\bin\;C:\ProgramData\chocolatey\bin;C:\Program Files\OpenJDK\openjdk-11.0.15_10\bin;C:\Program Files\Java\apache-maven-3.9.1\bin;C:\Program Files\Java\jre1.8.0_361\bin;C:\Program Files\Java\jdk1.8.0_111\bin;C:\Program Files\PuTTY\;C:\Program Files\dotnet\;C:\Program Files\Git\cmd;C:\Program Files\nodejs\;C:\Users\56946\.console-ninja\.bin;C:\Program Files\MySQL\MySQL Shell 8.0\bin\;C:\Users\56946\AppData\Local\Microsoft\WindowsApps;C:\Users\56946\AppData\Local\Programs\Microsoft VS Code\bin;C:\Users\56946\AppData\Local\Yarn\bin;C:\Users\56946\AppData\Local\Android\Sdk\platform-tools;C:\Users\56946\AppData\Local\GitHubDesktop\bin;C:\Users\56946\AppData\Roaming\npm
USERNAME=56946
OS=Windows_NT
PROCESSOR_IDENTIFIER=AMD64 Family 23 Model 24 Stepping 1, AuthenticAMD
TMP=C:\Users\56946\AppData\Local\Temp
TEMP=C:\Users\56946\AppData\Local\Temp



---------------  S Y S T E M  ---------------

OS:
 Windows 11 , 64 bit Build 22621 (10.0.22621.1635)
OS uptime: 4 days 7:33 hours

CPU: total 8 (initial active 8) (8 cores per cpu, 2 threads per core) family 23 model 24 stepping 1 microcode 0x0, cx8, cmov, fxsr, ht, mmx, 3dnowpref, sse, sse2, sse3, ssse3, sse4a, sse4.1, sse4.2, popcnt, lzcnt, tsc, tscinvbit, avx, avx2, aes, clmul, bmi1, bmi2, adx, sha, fma, vzeroupper, clflush, clflushopt

Memory: 4k page, system-wide physical 18379M (4278M free)
TotalPageFile size 20427M (AvailPageFile size 9M)
current process WorkingSet (physical memory assigned to process): 39M, peak: 128M
current process commit charge ("private bytes"): 172M, peak: 400M

vm_info: OpenJDK 64-Bit Server VM (17.0.7+7) for windows-amd64 JRE (17.0.7+7), built on Apr 18 2023 22:10:42 by "temurin" with MS VC++ 16.7 (VS2019)

END.
